2022-05-13 08:18:31 -  - exec CUpdateClientPartner::GetUpdatesList
2022-05-13 08:18:31 -  - exec CUpdateClientPartner::__CollectRequestData
2022-05-13 08:18:31 -  - utf=Y&lang=ru&stable=Y&CANGZIP=Y&SUPD_DBS=MYSQL&XE=N&CLIENT_SITE=bankro.tech&LICENSE_KEY=X&SUPD_STS=3&SUPD_URS=0&SUPD_URSA=1&TYPENC=E&CLIENT_PHPVER=7.4.3&NGINX=Y&dbv=5.6.46&instm=main%2C21.1200.900%2CN%3Bmessageservice%2C22.100.0%2CN%3Bscale%2C21.0.0%2CN%3Bui%2C22.0.0%2CN%3Bvote%2C21.0.100%2CN%3Bbitrix.sitepersonal%2C15.5.0%2CN%3Bhighloadblock%2C22.100.0%2CN%3Bform%2C21.0.0%2CN%3Blanding%2C21.1100.300%2CN%3Bsubscribe%2C21.0.0%2CN%3Bsocialservices%2C22.0.0%2CN%3Bmobileapp%2C21.0.200%2CN%3Bb24connector%2C21.100.0%2CN%3Btranslate%2C21.100.0%2CN%3Biblock%2C21.800.200%2CN%3Bphotogallery%2C21.200.0%2CN%3Brest%2C21.700.100%2CN%3Bfileman%2C21.500.0%2CN%3Bseo%2C22.0.100%2CN%3Bforum%2C21.300.100%2CN%3Bbitrixcloud%2C21.0.0%2CN%3Bsecurity%2C21.200.0%2CN%3Bperfmon%2C21.0.0%2CN%3Bclouds%2C21.100.0%2CN%3Bblog%2C21.300.0%2CN%3Bsearch%2C22.0.0%2CN%3Bbitrix.siteinfoportal%2C15.5.0%2CN%3Bbitrix.sitecorporate%2C15.5.0%2CN&reqm=bitrix.sitepersonal%2Cbitrix.siteinfoportal%2Cbitrix.sitecorporate%2Ctwim.recaptchafree&SUPD_SRS=RU&SUPD_CMP=N
2022-05-13 08:18:31 -  - exec CUpdateClientPartner::GetHTTPPage
2022-05-13 08:18:31 -  - TIME GetUpdatesList(request) 0.404 sec
2022-05-13 08:18:31 -  - exec CUpdateClientPartner::ParseServerData
2022-05-13 08:18:41 -  - exec CUpdateClientPartner::LoadModulesUpdates
2022-05-13 08:18:41 -  - exec CUpdateClientPartner::__CollectRequestData
2022-05-13 08:18:41 -  - utf=Y&lang=ru&stable=Y&CANGZIP=Y&SUPD_DBS=MYSQL&XE=N&CLIENT_SITE=bankro.tech&LICENSE_KEY=X&SUPD_STS=3&SUPD_URS=0&SUPD_URSA=1&TYPENC=E&CLIENT_PHPVER=7.4.3&NGINX=Y&dbv=5.6.46&instm=main%2C21.1200.900%2CN%3Bmessageservice%2C22.100.0%2CN%3Bscale%2C21.0.0%2CN%3Bui%2C22.0.0%2CN%3Bvote%2C21.0.100%2CN%3Bbitrix.sitepersonal%2C15.5.0%2CN%3Bhighloadblock%2C22.100.0%2CN%3Bform%2C21.0.0%2CN%3Blanding%2C21.1100.300%2CN%3Bsubscribe%2C21.0.0%2CN%3Bsocialservices%2C22.0.0%2CN%3Bmobileapp%2C21.0.200%2CN%3Bb24connector%2C21.100.0%2CN%3Btranslate%2C21.100.0%2CN%3Biblock%2C21.800.200%2CN%3Bphotogallery%2C21.200.0%2CN%3Brest%2C21.700.100%2CN%3Bfileman%2C21.500.0%2CN%3Bseo%2C22.0.100%2CN%3Bforum%2C21.300.100%2CN%3Bbitrixcloud%2C21.0.0%2CN%3Bsecurity%2C21.200.0%2CN%3Bperfmon%2C21.0.0%2CN%3Bclouds%2C21.100.0%2CN%3Bblog%2C21.300.0%2CN%3Bsearch%2C22.0.0%2CN%3Bbitrix.siteinfoportal%2C15.5.0%2CN%3Bbitrix.sitecorporate%2C15.5.0%2CN&reqm=twim.recaptchafree&lim=Y&SUPD_SRS=RU&SUPD_CMP=N
2022-05-13 08:18:41 -  - exec CUpdateClientPartner::GetHTTPPage
2022-05-13 08:18:42 -  - TIME LoadModulesUpdates(request) 0.206 sec
2022-05-13 08:18:42 -  - exec CUpdateClientPartner::ParseServerData
2022-05-13 08:18:42 - S - STEP
2022-05-13 08:18:42 - LMU01 - LoadModulesUpdates-Step
2022-05-13 08:18:42 -  - exec CUpdateClientPartner::LoadModulesUpdates
2022-05-13 08:18:42 -  - exec CUpdateClientPartner::ParseServerData
2022-05-13 08:18:42 -  - loadFile
2022-05-13 08:18:42 - U - RETURN
2022-05-13 08:18:42 -  - exec CUpdateClientPartner::UnGzipArchive
2022-05-13 08:18:42 -  - TIME UnGzipArchive 0.001 sec
2022-05-13 08:18:42 -  - TIME UpdateStepModules 0.001 sec
2022-05-13 08:18:42 - UPD_SUCCESS - Updated: twim.recaptchafree
2022-05-13 08:18:42 -  - exec CUpdateClientPartner::LoadModulesUpdates
2022-05-13 08:18:42 -  - exec CUpdateClientPartner::__CollectRequestData
2022-05-13 08:18:42 -  - utf=Y&lang=ru&stable=Y&CANGZIP=Y&SUPD_DBS=MYSQL&XE=N&CLIENT_SITE=bankro.tech&LICENSE_KEY=X&SUPD_STS=3&SUPD_URS=0&SUPD_URSA=1&TYPENC=E&CLIENT_PHPVER=7.4.3&NGINX=Y&dbv=5.6.46&instm=main%2C21.1200.900%2CN%3Bmessageservice%2C22.100.0%2CN%3Bscale%2C21.0.0%2CN%3Bui%2C22.0.0%2CN%3Bvote%2C21.0.100%2CN%3Bbitrix.sitepersonal%2C15.5.0%2CN%3Bhighloadblock%2C22.100.0%2CN%3Bform%2C21.0.0%2CN%3Blanding%2C21.1100.300%2CN%3Bsubscribe%2C21.0.0%2CN%3Bsocialservices%2C22.0.0%2CN%3Bmobileapp%2C21.0.200%2CN%3Bb24connector%2C21.100.0%2CN%3Btranslate%2C21.100.0%2CN%3Biblock%2C21.800.200%2CN%3Bphotogallery%2C21.200.0%2CN%3Brest%2C21.700.100%2CN%3Btwim.recaptchafree%2C0.0.1%2CN%3Bfileman%2C21.500.0%2CN%3Bseo%2C22.0.100%2CN%3Bforum%2C21.300.100%2CN%3Bbitrixcloud%2C21.0.0%2CN%3Bsecurity%2C21.200.0%2CN%3Bperfmon%2C21.0.0%2CN%3Bclouds%2C21.100.0%2CN%3Bblog%2C21.300.0%2CN%3Bsearch%2C22.0.0%2CN%3Bbitrix.siteinfoportal%2C15.5.0%2CN%3Bbitrix.sitecorporate%2C15.5.0%2CN&reqm=twim.recaptchafree&lim=Y&SUPD_SRS=RU&SUPD_CMP=N
2022-05-13 08:18:42 -  - exec CUpdateClientPartner::GetHTTPPage
2022-05-13 08:18:42 -  - TIME LoadModulesUpdates(request) 0.21 sec
2022-05-13 08:18:42 -  - exec CUpdateClientPartner::ParseServerData
2022-05-13 08:18:42 - S - STEP
2022-05-13 08:18:42 - LMU01 - LoadModulesUpdates-Step
2022-05-13 08:18:42 -  - exec CUpdateClientPartner::LoadModulesUpdates
2022-05-13 08:18:42 -  - exec CUpdateClientPartner::ParseServerData
2022-05-13 08:18:42 -  - loadFile
2022-05-13 08:18:42 - U - RETURN
2022-05-13 08:18:42 -  - exec CUpdateClientPartner::UnGzipArchive
2022-05-13 08:18:42 -  - TIME UnGzipArchive 0.001 sec
2022-05-13 08:18:42 -  - TIME UpdateStepModules 0.001 sec
2022-05-13 08:18:42 - UPD_SUCCESS - Updated: twim.recaptchafree (0.0.2)<br><p>Исправлены ошибки</p>
2022-05-13 08:18:42 -  - exec CUpdateClientPartner::LoadModulesUpdates
2022-05-13 08:18:42 -  - exec CUpdateClientPartner::__CollectRequestData
2022-05-13 08:18:42 -  - utf=Y&lang=ru&stable=Y&CANGZIP=Y&SUPD_DBS=MYSQL&XE=N&CLIENT_SITE=bankro.tech&LICENSE_KEY=X&SUPD_STS=3&SUPD_URS=0&SUPD_URSA=1&TYPENC=E&CLIENT_PHPVER=7.4.3&NGINX=Y&dbv=5.6.46&instm=main%2C21.1200.900%2CN%3Bmessageservice%2C22.100.0%2CN%3Bscale%2C21.0.0%2CN%3Bui%2C22.0.0%2CN%3Bvote%2C21.0.100%2CN%3Bbitrix.sitepersonal%2C15.5.0%2CN%3Bhighloadblock%2C22.100.0%2CN%3Bform%2C21.0.0%2CN%3Blanding%2C21.1100.300%2CN%3Bsubscribe%2C21.0.0%2CN%3Bsocialservices%2C22.0.0%2CN%3Bmobileapp%2C21.0.200%2CN%3Bb24connector%2C21.100.0%2CN%3Btranslate%2C21.100.0%2CN%3Biblock%2C21.800.200%2CN%3Bphotogallery%2C21.200.0%2CN%3Brest%2C21.700.100%2CN%3Btwim.recaptchafree%2C0.0.2%2CN%3Bfileman%2C21.500.0%2CN%3Bseo%2C22.0.100%2CN%3Bforum%2C21.300.100%2CN%3Bbitrixcloud%2C21.0.0%2CN%3Bsecurity%2C21.200.0%2CN%3Bperfmon%2C21.0.0%2CN%3Bclouds%2C21.100.0%2CN%3Bblog%2C21.300.0%2CN%3Bsearch%2C22.0.0%2CN%3Bbitrix.siteinfoportal%2C15.5.0%2CN%3Bbitrix.sitecorporate%2C15.5.0%2CN&reqm=twim.recaptchafree&lim=Y&SUPD_SRS=RU&SUPD_CMP=N
2022-05-13 08:18:42 -  - exec CUpdateClientPartner::GetHTTPPage
2022-05-13 08:18:42 -  - TIME LoadModulesUpdates(request) 0.189 sec
2022-05-13 08:18:42 -  - exec CUpdateClientPartner::ParseServerData
2022-05-13 08:18:42 - S - STEP
2022-05-13 08:18:42 - LMU01 - LoadModulesUpdates-Step
2022-05-13 08:18:42 -  - exec CUpdateClientPartner::LoadModulesUpdates
2022-05-13 08:18:42 -  - exec CUpdateClientPartner::ParseServerData
2022-05-13 08:18:42 -  - loadFile
2022-05-13 08:18:42 - U - RETURN
2022-05-13 08:18:42 -  - exec CUpdateClientPartner::UnGzipArchive
2022-05-13 08:18:42 -  - TIME UnGzipArchive 0.001 sec
2022-05-13 08:18:42 - CSURUS1 - Run updater '/bitrix/updates/update_m1652440722/twim.recaptchafree/updater0.0.5.php'
2022-05-13 08:18:43 -  - TIME UpdateStepModules 0.065 sec
2022-05-13 08:18:43 - UPD_SUCCESS - Updated: twim.recaptchafree (0.0.5)<br><p>Работает только на сайтах с ядром D7</p> <p>Исправили ошибку \"[UCDF03] Не удалось создать папку</p> <p>Установили русский язык по-умолчанию для капчи</p> <p>Добавили функция для обновления рекапчи после ajax Recaptchafree.reset(), массив id виджетов Recaptchafree.items</p> <p>Изменили логику работы, для совместимости с новыми компонентами</p>
2022-05-13 08:18:43 -  - exec CUpdateClientPartner::LoadModulesUpdates
2022-05-13 08:18:43 -  - exec CUpdateClientPartner::__CollectRequestData
2022-05-13 08:18:43 -  - utf=Y&lang=ru&stable=Y&CANGZIP=Y&SUPD_DBS=MYSQL&XE=N&CLIENT_SITE=bankro.tech&LICENSE_KEY=X&SUPD_STS=3&SUPD_URS=0&SUPD_URSA=1&TYPENC=E&CLIENT_PHPVER=7.4.3&NGINX=Y&dbv=5.6.46&instm=main%2C21.1200.900%2CN%3Bmessageservice%2C22.100.0%2CN%3Bscale%2C21.0.0%2CN%3Bui%2C22.0.0%2CN%3Bvote%2C21.0.100%2CN%3Bbitrix.sitepersonal%2C15.5.0%2CN%3Bhighloadblock%2C22.100.0%2CN%3Bform%2C21.0.0%2CN%3Blanding%2C21.1100.300%2CN%3Bsubscribe%2C21.0.0%2CN%3Bsocialservices%2C22.0.0%2CN%3Bmobileapp%2C21.0.200%2CN%3Bb24connector%2C21.100.0%2CN%3Btranslate%2C21.100.0%2CN%3Biblock%2C21.800.200%2CN%3Bphotogallery%2C21.200.0%2CN%3Brest%2C21.700.100%2CN%3Btwim.recaptchafree%2C0.0.5%2CN%3Bfileman%2C21.500.0%2CN%3Bseo%2C22.0.100%2CN%3Bforum%2C21.300.100%2CN%3Bbitrixcloud%2C21.0.0%2CN%3Bsecurity%2C21.200.0%2CN%3Bperfmon%2C21.0.0%2CN%3Bclouds%2C21.100.0%2CN%3Bblog%2C21.300.0%2CN%3Bsearch%2C22.0.0%2CN%3Bbitrix.siteinfoportal%2C15.5.0%2CN%3Bbitrix.sitecorporate%2C15.5.0%2CN&reqm=twim.recaptchafree&lim=Y&SUPD_SRS=RU&SUPD_CMP=N
2022-05-13 08:18:43 -  - exec CUpdateClientPartner::GetHTTPPage
2022-05-13 08:18:43 -  - TIME LoadModulesUpdates(request) 0.215 sec
2022-05-13 08:18:43 -  - exec CUpdateClientPartner::ParseServerData
2022-05-13 08:18:43 - S - STEP
2022-05-13 08:18:43 - LMU01 - LoadModulesUpdates-Step
2022-05-13 08:18:43 -  - exec CUpdateClientPartner::LoadModulesUpdates
2022-05-13 08:18:43 -  - exec CUpdateClientPartner::ParseServerData
2022-05-13 08:18:43 -  - loadFile
2022-05-13 08:18:43 - U - RETURN
2022-05-13 08:18:43 -  - exec CUpdateClientPartner::UnGzipArchive
2022-05-13 08:18:43 -  - TIME UnGzipArchive 0.001 sec
2022-05-13 08:18:43 - CSURUS1 - Run updater '/bitrix/updates/update_m1652440723/twim.recaptchafree/updater0.0.6.php'
2022-05-13 08:18:43 -  - TIME UpdateStepModules 0.002 sec
2022-05-13 08:18:43 - UPD_SUCCESS - Updated: twim.recaptchafree (0.0.6)<br><p>Установили LANGUAGE_ID язык для капчи</p>
2022-05-13 08:18:43 -  - exec CUpdateClientPartner::LoadModulesUpdates
2022-05-13 08:18:43 -  - exec CUpdateClientPartner::__CollectRequestData
2022-05-13 08:18:43 -  - utf=Y&lang=ru&stable=Y&CANGZIP=Y&SUPD_DBS=MYSQL&XE=N&CLIENT_SITE=bankro.tech&LICENSE_KEY=X&SUPD_STS=3&SUPD_URS=0&SUPD_URSA=1&TYPENC=E&CLIENT_PHPVER=7.4.3&NGINX=Y&dbv=5.6.46&instm=main%2C21.1200.900%2CN%3Bmessageservice%2C22.100.0%2CN%3Bscale%2C21.0.0%2CN%3Bui%2C22.0.0%2CN%3Bvote%2C21.0.100%2CN%3Bbitrix.sitepersonal%2C15.5.0%2CN%3Bhighloadblock%2C22.100.0%2CN%3Bform%2C21.0.0%2CN%3Blanding%2C21.1100.300%2CN%3Bsubscribe%2C21.0.0%2CN%3Bsocialservices%2C22.0.0%2CN%3Bmobileapp%2C21.0.200%2CN%3Bb24connector%2C21.100.0%2CN%3Btranslate%2C21.100.0%2CN%3Biblock%2C21.800.200%2CN%3Bphotogallery%2C21.200.0%2CN%3Brest%2C21.700.100%2CN%3Btwim.recaptchafree%2C0.0.6%2CN%3Bfileman%2C21.500.0%2CN%3Bseo%2C22.0.100%2CN%3Bforum%2C21.300.100%2CN%3Bbitrixcloud%2C21.0.0%2CN%3Bsecurity%2C21.200.0%2CN%3Bperfmon%2C21.0.0%2CN%3Bclouds%2C21.100.0%2CN%3Bblog%2C21.300.0%2CN%3Bsearch%2C22.0.0%2CN%3Bbitrix.siteinfoportal%2C15.5.0%2CN%3Bbitrix.sitecorporate%2C15.5.0%2CN&reqm=twim.recaptchafree&lim=Y&SUPD_SRS=RU&SUPD_CMP=N
2022-05-13 08:18:43 -  - exec CUpdateClientPartner::GetHTTPPage
2022-05-13 08:18:43 -  - TIME LoadModulesUpdates(request) 0.208 sec
2022-05-13 08:18:43 -  - exec CUpdateClientPartner::ParseServerData
2022-05-13 08:18:43 - S - STEP
2022-05-13 08:18:43 - LMU01 - LoadModulesUpdates-Step
2022-05-13 08:18:43 -  - exec CUpdateClientPartner::LoadModulesUpdates
2022-05-13 08:18:43 -  - exec CUpdateClientPartner::ParseServerData
2022-05-13 08:18:43 -  - loadFile
2022-05-13 08:18:43 - U - RETURN
2022-05-13 08:18:43 -  - exec CUpdateClientPartner::UnGzipArchive
2022-05-13 08:18:43 -  - TIME UnGzipArchive 0.001 sec
2022-05-13 08:18:43 - CSURUS1 - Run updater '/bitrix/updates/update_m1652440723/twim.recaptchafree/updater0.0.9.php'
2022-05-13 08:18:43 -  - TIME UpdateStepModules 0.002 sec
2022-05-13 08:18:43 - UPD_SUCCESS - Updated: twim.recaptchafree (0.0.9)<br><p>Убрали баг обхода через стандартную капчу</p>
2022-05-13 08:18:43 -  - exec CUpdateClientPartner::LoadModulesUpdates
2022-05-13 08:18:43 -  - exec CUpdateClientPartner::__CollectRequestData
2022-05-13 08:18:43 -  - utf=Y&lang=ru&stable=Y&CANGZIP=Y&SUPD_DBS=MYSQL&XE=N&CLIENT_SITE=bankro.tech&LICENSE_KEY=X&SUPD_STS=3&SUPD_URS=0&SUPD_URSA=1&TYPENC=E&CLIENT_PHPVER=7.4.3&NGINX=Y&dbv=5.6.46&instm=main%2C21.1200.900%2CN%3Bmessageservice%2C22.100.0%2CN%3Bscale%2C21.0.0%2CN%3Bui%2C22.0.0%2CN%3Bvote%2C21.0.100%2CN%3Bbitrix.sitepersonal%2C15.5.0%2CN%3Bhighloadblock%2C22.100.0%2CN%3Bform%2C21.0.0%2CN%3Blanding%2C21.1100.300%2CN%3Bsubscribe%2C21.0.0%2CN%3Bsocialservices%2C22.0.0%2CN%3Bmobileapp%2C21.0.200%2CN%3Bb24connector%2C21.100.0%2CN%3Btranslate%2C21.100.0%2CN%3Biblock%2C21.800.200%2CN%3Bphotogallery%2C21.200.0%2CN%3Brest%2C21.700.100%2CN%3Btwim.recaptchafree%2C0.0.9%2CN%3Bfileman%2C21.500.0%2CN%3Bseo%2C22.0.100%2CN%3Bforum%2C21.300.100%2CN%3Bbitrixcloud%2C21.0.0%2CN%3Bsecurity%2C21.200.0%2CN%3Bperfmon%2C21.0.0%2CN%3Bclouds%2C21.100.0%2CN%3Bblog%2C21.300.0%2CN%3Bsearch%2C22.0.0%2CN%3Bbitrix.siteinfoportal%2C15.5.0%2CN%3Bbitrix.sitecorporate%2C15.5.0%2CN&reqm=twim.recaptchafree&lim=Y&SUPD_SRS=RU&SUPD_CMP=N
2022-05-13 08:18:43 -  - exec CUpdateClientPartner::GetHTTPPage
2022-05-13 08:18:44 -  - TIME LoadModulesUpdates(request) 0.202 sec
2022-05-13 08:18:44 -  - exec CUpdateClientPartner::ParseServerData
2022-05-13 08:18:44 - S - STEP
2022-05-13 08:18:44 - LMU01 - LoadModulesUpdates-Step
2022-05-13 08:18:44 -  - exec CUpdateClientPartner::LoadModulesUpdates
2022-05-13 08:18:44 -  - exec CUpdateClientPartner::ParseServerData
2022-05-13 08:18:44 -  - loadFile
2022-05-13 08:18:44 - U - RETURN
2022-05-13 08:18:44 -  - exec CUpdateClientPartner::UnGzipArchive
2022-05-13 08:18:44 -  - TIME UnGzipArchive 0.001 sec
2022-05-13 08:18:44 - CSURUS1 - Run updater '/bitrix/updates/update_m1652440724/twim.recaptchafree/updater0.1.0.php'
2022-05-13 08:18:44 -  - TIME UpdateStepModules 0.002 sec
2022-05-13 08:18:44 - UPD_SUCCESS - Updated: twim.recaptchafree (0.1.0)<br><p>Добавили поддержку curl и file_get_contents(если curl недоступен в настройках хостинга)</p> <p>Добавили поддержку invisible reCaptcha</p>
2022-05-13 08:18:44 -  - exec CUpdateClientPartner::LoadModulesUpdates
2022-05-13 08:18:44 -  - exec CUpdateClientPartner::__CollectRequestData
2022-05-13 08:18:44 -  - utf=Y&lang=ru&stable=Y&CANGZIP=Y&SUPD_DBS=MYSQL&XE=N&CLIENT_SITE=bankro.tech&LICENSE_KEY=X&SUPD_STS=3&SUPD_URS=0&SUPD_URSA=1&TYPENC=E&CLIENT_PHPVER=7.4.3&NGINX=Y&dbv=5.6.46&instm=main%2C21.1200.900%2CN%3Bmessageservice%2C22.100.0%2CN%3Bscale%2C21.0.0%2CN%3Bui%2C22.0.0%2CN%3Bvote%2C21.0.100%2CN%3Bbitrix.sitepersonal%2C15.5.0%2CN%3Bhighloadblock%2C22.100.0%2CN%3Bform%2C21.0.0%2CN%3Blanding%2C21.1100.300%2CN%3Bsubscribe%2C21.0.0%2CN%3Bsocialservices%2C22.0.0%2CN%3Bmobileapp%2C21.0.200%2CN%3Bb24connector%2C21.100.0%2CN%3Btranslate%2C21.100.0%2CN%3Biblock%2C21.800.200%2CN%3Bphotogallery%2C21.200.0%2CN%3Brest%2C21.700.100%2CN%3Btwim.recaptchafree%2C0.1.0%2CN%3Bfileman%2C21.500.0%2CN%3Bseo%2C22.0.100%2CN%3Bforum%2C21.300.100%2CN%3Bbitrixcloud%2C21.0.0%2CN%3Bsecurity%2C21.200.0%2CN%3Bperfmon%2C21.0.0%2CN%3Bclouds%2C21.100.0%2CN%3Bblog%2C21.300.0%2CN%3Bsearch%2C22.0.0%2CN%3Bbitrix.siteinfoportal%2C15.5.0%2CN%3Bbitrix.sitecorporate%2C15.5.0%2CN&reqm=twim.recaptchafree&lim=Y&SUPD_SRS=RU&SUPD_CMP=N
2022-05-13 08:18:44 -  - exec CUpdateClientPartner::GetHTTPPage
2022-05-13 08:18:44 -  - TIME LoadModulesUpdates(request) 0.223 sec
2022-05-13 08:18:44 -  - exec CUpdateClientPartner::ParseServerData
2022-05-13 08:18:44 - S - STEP
2022-05-13 08:18:44 - LMU01 - LoadModulesUpdates-Step
2022-05-13 08:18:44 -  - exec CUpdateClientPartner::LoadModulesUpdates
2022-05-13 08:18:44 -  - exec CUpdateClientPartner::ParseServerData
2022-05-13 08:18:44 -  - loadFile
2022-05-13 08:18:44 - U - RETURN
2022-05-13 08:18:44 -  - exec CUpdateClientPartner::UnGzipArchive
2022-05-13 08:18:44 -  - TIME UnGzipArchive 0.001 sec
2022-05-13 08:18:44 - CSURUS1 - Run updater '/bitrix/updates/update_m1652440724/twim.recaptchafree/updater0.1.1.php'
2022-05-13 08:18:44 -  - TIME UpdateStepModules 0.002 sec
2022-05-13 08:18:44 - UPD_SUCCESS - Updated: twim.recaptchafree (0.1.1)<br><p>„обавили поддержку curl и file_get_contents(если curl недоступен в настройках хостинга)</p> <p>„обавили поддержку invisible reCaptcha</p> <p>€справлена ошибка проверки включениЯ рекапчи</p>
2022-05-13 08:18:44 -  - exec CUpdateClientPartner::LoadModulesUpdates
2022-05-13 08:18:44 -  - exec CUpdateClientPartner::__CollectRequestData
2022-05-13 08:18:44 -  - utf=Y&lang=ru&stable=Y&CANGZIP=Y&SUPD_DBS=MYSQL&XE=N&CLIENT_SITE=bankro.tech&LICENSE_KEY=X&SUPD_STS=3&SUPD_URS=0&SUPD_URSA=1&TYPENC=E&CLIENT_PHPVER=7.4.3&NGINX=Y&dbv=5.6.46&instm=main%2C21.1200.900%2CN%3Bmessageservice%2C22.100.0%2CN%3Bscale%2C21.0.0%2CN%3Bui%2C22.0.0%2CN%3Bvote%2C21.0.100%2CN%3Bbitrix.sitepersonal%2C15.5.0%2CN%3Bhighloadblock%2C22.100.0%2CN%3Bform%2C21.0.0%2CN%3Blanding%2C21.1100.300%2CN%3Bsubscribe%2C21.0.0%2CN%3Bsocialservices%2C22.0.0%2CN%3Bmobileapp%2C21.0.200%2CN%3Bb24connector%2C21.100.0%2CN%3Btranslate%2C21.100.0%2CN%3Biblock%2C21.800.200%2CN%3Bphotogallery%2C21.200.0%2CN%3Brest%2C21.700.100%2CN%3Btwim.recaptchafree%2C0.1.1%2CN%3Bfileman%2C21.500.0%2CN%3Bseo%2C22.0.100%2CN%3Bforum%2C21.300.100%2CN%3Bbitrixcloud%2C21.0.0%2CN%3Bsecurity%2C21.200.0%2CN%3Bperfmon%2C21.0.0%2CN%3Bclouds%2C21.100.0%2CN%3Bblog%2C21.300.0%2CN%3Bsearch%2C22.0.0%2CN%3Bbitrix.siteinfoportal%2C15.5.0%2CN%3Bbitrix.sitecorporate%2C15.5.0%2CN&reqm=twim.recaptchafree&lim=Y&SUPD_SRS=RU&SUPD_CMP=N
2022-05-13 08:18:44 -  - exec CUpdateClientPartner::GetHTTPPage
2022-05-13 08:18:44 -  - TIME LoadModulesUpdates(request) 0.216 sec
2022-05-13 08:18:44 -  - exec CUpdateClientPartner::ParseServerData
2022-05-13 08:18:44 - S - STEP
2022-05-13 08:18:44 - LMU01 - LoadModulesUpdates-Step
2022-05-13 08:18:44 -  - exec CUpdateClientPartner::LoadModulesUpdates
2022-05-13 08:18:44 -  - exec CUpdateClientPartner::ParseServerData
2022-05-13 08:18:44 -  - loadFile
2022-05-13 08:18:45 - U - RETURN
2022-05-13 08:18:45 -  - exec CUpdateClientPartner::UnGzipArchive
2022-05-13 08:18:45 -  - TIME UnGzipArchive 0.001 sec
2022-05-13 08:18:45 - CSURUS1 - Run updater '/bitrix/updates/update_m1652440725/twim.recaptchafree/updater0.2.0.php'
2022-05-13 08:18:45 -  - TIME UpdateStepModules 0.003 sec
2022-05-13 08:18:45 - UPD_SUCCESS - Updated: twim.recaptchafree (0.2.0)<br><p>Запросы перевели в API Битрикс - HttpClient</p> <p>Динамическая замена стандартной капчи</p> <p>Переработан алгоритм замены и проверки</p>
2022-05-13 08:18:45 -  - exec CUpdateClientPartner::LoadModulesUpdates
2022-05-13 08:18:45 -  - exec CUpdateClientPartner::__CollectRequestData
2022-05-13 08:18:45 -  - utf=Y&lang=ru&stable=Y&CANGZIP=Y&SUPD_DBS=MYSQL&XE=N&CLIENT_SITE=bankro.tech&LICENSE_KEY=X&SUPD_STS=3&SUPD_URS=0&SUPD_URSA=1&TYPENC=E&CLIENT_PHPVER=7.4.3&NGINX=Y&dbv=5.6.46&instm=main%2C21.1200.900%2CN%3Bmessageservice%2C22.100.0%2CN%3Bscale%2C21.0.0%2CN%3Bui%2C22.0.0%2CN%3Bvote%2C21.0.100%2CN%3Bbitrix.sitepersonal%2C15.5.0%2CN%3Bhighloadblock%2C22.100.0%2CN%3Bform%2C21.0.0%2CN%3Blanding%2C21.1100.300%2CN%3Bsubscribe%2C21.0.0%2CN%3Bsocialservices%2C22.0.0%2CN%3Bmobileapp%2C21.0.200%2CN%3Bb24connector%2C21.100.0%2CN%3Btranslate%2C21.100.0%2CN%3Biblock%2C21.800.200%2CN%3Bphotogallery%2C21.200.0%2CN%3Brest%2C21.700.100%2CN%3Btwim.recaptchafree%2C0.2.0%2CN%3Bfileman%2C21.500.0%2CN%3Bseo%2C22.0.100%2CN%3Bforum%2C21.300.100%2CN%3Bbitrixcloud%2C21.0.0%2CN%3Bsecurity%2C21.200.0%2CN%3Bperfmon%2C21.0.0%2CN%3Bclouds%2C21.100.0%2CN%3Bblog%2C21.300.0%2CN%3Bsearch%2C22.0.0%2CN%3Bbitrix.siteinfoportal%2C15.5.0%2CN%3Bbitrix.sitecorporate%2C15.5.0%2CN&reqm=twim.recaptchafree&lim=Y&SUPD_SRS=RU&SUPD_CMP=N
2022-05-13 08:18:45 -  - exec CUpdateClientPartner::GetHTTPPage
2022-05-13 08:18:45 -  - TIME LoadModulesUpdates(request) 0.203 sec
2022-05-13 08:18:45 -  - exec CUpdateClientPartner::ParseServerData
2022-05-13 08:18:45 - STEP - Finish - NOUPDATES
2022-05-13 08:18:45 - STEP - Finish - NOUPDATES
2022-05-13 08:18:49 -  - exec CUpdateClientPartner::GetUpdatesList
2022-05-13 08:18:49 -  - exec CUpdateClientPartner::__CollectRequestData
2022-05-13 08:18:49 -  - utf=Y&lang=ru&stable=Y&CANGZIP=Y&SUPD_DBS=MYSQL&XE=N&CLIENT_SITE=bankro.tech&LICENSE_KEY=X&SUPD_STS=3&SUPD_URS=0&SUPD_URSA=1&TYPENC=E&CLIENT_PHPVER=7.4.3&NGINX=Y&dbv=5.6.46&instm=main%2C21.1200.900%2CN%3Bmessageservice%2C22.100.0%2CN%3Bscale%2C21.0.0%2CN%3Bui%2C22.0.0%2CN%3Bvote%2C21.0.100%2CN%3Bbitrix.sitepersonal%2C15.5.0%2CN%3Bhighloadblock%2C22.100.0%2CN%3Bform%2C21.0.0%2CN%3Blanding%2C21.1100.300%2CN%3Bsubscribe%2C21.0.0%2CN%3Bsocialservices%2C22.0.0%2CN%3Bmobileapp%2C21.0.200%2CN%3Bb24connector%2C21.100.0%2CN%3Btranslate%2C21.100.0%2CN%3Biblock%2C21.800.200%2CN%3Bphotogallery%2C21.200.0%2CN%3Brest%2C21.700.100%2CN%3Btwim.recaptchafree%2C0.2.0%2CN%3Bfileman%2C21.500.0%2CN%3Bseo%2C22.0.100%2CN%3Bforum%2C21.300.100%2CN%3Bbitrixcloud%2C21.0.0%2CN%3Bsecurity%2C21.200.0%2CN%3Bperfmon%2C21.0.0%2CN%3Bclouds%2C21.100.0%2CN%3Bblog%2C21.300.0%2CN%3Bsearch%2C22.0.0%2CN%3Bbitrix.siteinfoportal%2C15.5.0%2CN%3Bbitrix.sitecorporate%2C15.5.0%2CN&reqm=bitrix.sitepersonal%2Ctwim.recaptchafree%2Cbitrix.siteinfoportal%2Cbitrix.sitecorporate&fullmoduleinfo=Y&SUPD_SRS=RU&SUPD_CMP=N
2022-05-13 08:18:49 -  - exec CUpdateClientPartner::GetHTTPPage
2022-05-13 08:18:49 -  - TIME GetUpdatesList(request) 0.2 sec
2022-05-13 08:18:49 -  - exec CUpdateClientPartner::ParseServerData
2022-05-25 11:28:54 -  - exec CUpdateClientPartner::GetUpdatesList
2022-05-25 11:28:54 -  - exec CUpdateClientPartner::__CollectRequestData
2022-05-25 11:28:54 -  - utf=Y&lang=ru&stable=Y&CANGZIP=Y&SUPD_DBS=MYSQL&XE=N&CLIENT_SITE=bankro.tech&LICENSE_KEY=X&SUPD_STS=3&SUPD_URS=0&SUPD_URSA=1&TYPENC=E&CLIENT_PHPVER=7.4.3&NGINX=Y&dbv=5.6.46&instm=main%2C21.1200.900%2CN%3Bmessageservice%2C22.100.0%2CN%3Bscale%2C21.0.0%2CN%3Bui%2C22.0.0%2CN%3Bvote%2C21.0.100%2CN%3Bbitrix.sitepersonal%2C15.5.0%2CN%3Bhighloadblock%2C22.100.0%2CN%3Bform%2C21.0.0%2CN%3Blanding%2C21.1100.300%2CN%3Bsubscribe%2C21.0.0%2CN%3Bsocialservices%2C22.0.0%2CN%3Bmobileapp%2C21.0.200%2CN%3Bb24connector%2C21.100.0%2CN%3Btranslate%2C21.100.0%2CN%3Biblock%2C21.800.200%2CN%3Bphotogallery%2C21.200.0%2CN%3Brest%2C21.700.100%2CN%3Btwim.recaptchafree%2C0.2.0%2CN%3Bfileman%2C21.500.0%2CN%3Bseo%2C22.0.100%2CN%3Bforum%2C21.300.100%2CN%3Bbitrixcloud%2C21.0.0%2CN%3Bsecurity%2C21.200.0%2CN%3Bperfmon%2C21.0.0%2CN%3Bclouds%2C21.100.0%2CN%3Bblog%2C21.300.0%2CN%3Bsearch%2C22.0.0%2CN%3Bbitrix.siteinfoportal%2C15.5.0%2CN%3Bbitrix.sitecorporate%2C15.5.0%2CN&reqm=bitrix.sitepersonal%2Ctwim.recaptchafree%2Cbitrix.siteinfoportal%2Cbitrix.sitecorporate%2Caskaron.settings&SUPD_SRS=RU&SUPD_CMP=N
2022-05-25 11:28:54 -  - exec CUpdateClientPartner::GetHTTPPage
2022-05-25 11:28:54 -  - TIME GetUpdatesList(request) 0.435 sec
2022-05-25 11:28:54 -  - exec CUpdateClientPartner::ParseServerData
2022-05-25 11:29:02 -  - exec CUpdateClientPartner::LoadModulesUpdates
2022-05-25 11:29:02 -  - exec CUpdateClientPartner::__CollectRequestData
2022-05-25 11:29:02 -  - utf=Y&lang=ru&stable=Y&CANGZIP=Y&SUPD_DBS=MYSQL&XE=N&CLIENT_SITE=bankro.tech&LICENSE_KEY=X&SUPD_STS=3&SUPD_URS=0&SUPD_URSA=1&TYPENC=E&CLIENT_PHPVER=7.4.3&NGINX=Y&dbv=5.6.46&instm=main%2C21.1200.900%2CN%3Bmessageservice%2C22.100.0%2CN%3Bscale%2C21.0.0%2CN%3Bui%2C22.0.0%2CN%3Bvote%2C21.0.100%2CN%3Bbitrix.sitepersonal%2C15.5.0%2CN%3Bhighloadblock%2C22.100.0%2CN%3Bform%2C21.0.0%2CN%3Blanding%2C21.1100.300%2CN%3Bsubscribe%2C21.0.0%2CN%3Bsocialservices%2C22.0.0%2CN%3Bmobileapp%2C21.0.200%2CN%3Bb24connector%2C21.100.0%2CN%3Btranslate%2C21.100.0%2CN%3Biblock%2C21.800.200%2CN%3Bphotogallery%2C21.200.0%2CN%3Brest%2C21.700.100%2CN%3Btwim.recaptchafree%2C0.2.0%2CN%3Bfileman%2C21.500.0%2CN%3Bseo%2C22.0.100%2CN%3Bforum%2C21.300.100%2CN%3Bbitrixcloud%2C21.0.0%2CN%3Bsecurity%2C21.200.0%2CN%3Bperfmon%2C21.0.0%2CN%3Bclouds%2C21.100.0%2CN%3Bblog%2C21.300.0%2CN%3Bsearch%2C22.0.0%2CN%3Bbitrix.siteinfoportal%2C15.5.0%2CN%3Bbitrix.sitecorporate%2C15.5.0%2CN&reqm=askaron.settings&lim=Y&SUPD_SRS=RU&SUPD_CMP=N
2022-05-25 11:29:02 -  - exec CUpdateClientPartner::GetHTTPPage
2022-05-25 11:29:08 -  - TIME LoadModulesUpdates(request) 6.21 sec
2022-05-25 11:29:08 -  - exec CUpdateClientPartner::ParseServerData
2022-05-25 11:29:08 - S - STEP
2022-05-25 11:29:08 - LMU01 - LoadModulesUpdates-Step
2022-05-25 11:29:08 -  - exec CUpdateClientPartner::LoadModulesUpdates
2022-05-25 11:29:08 -  - exec CUpdateClientPartner::ParseServerData
2022-05-25 11:29:08 -  - loadFile
2022-05-25 11:29:08 - U - RETURN
2022-05-25 11:29:08 -  - exec CUpdateClientPartner::UnGzipArchive
2022-05-25 11:29:08 -  - TIME UnGzipArchive 0.002 sec
2022-05-25 11:29:08 -  - TIME UpdateStepModules 0.004 sec
2022-05-25 11:29:08 - UPD_SUCCESS - Updated: askaron.settings
2022-05-25 11:29:08 -  - exec CUpdateClientPartner::LoadModulesUpdates
2022-05-25 11:29:08 -  - exec CUpdateClientPartner::__CollectRequestData
2022-05-25 11:29:08 -  - utf=Y&lang=ru&stable=Y&CANGZIP=Y&SUPD_DBS=MYSQL&XE=N&CLIENT_SITE=bankro.tech&LICENSE_KEY=X&SUPD_STS=3&SUPD_URS=0&SUPD_URSA=1&TYPENC=E&CLIENT_PHPVER=7.4.3&NGINX=Y&dbv=5.6.46&instm=main%2C21.1200.900%2CN%3Bmessageservice%2C22.100.0%2CN%3Bscale%2C21.0.0%2CN%3Bui%2C22.0.0%2CN%3Bvote%2C21.0.100%2CN%3Bbitrix.sitepersonal%2C15.5.0%2CN%3Bhighloadblock%2C22.100.0%2CN%3Bform%2C21.0.0%2CN%3Blanding%2C21.1100.300%2CN%3Bsubscribe%2C21.0.0%2CN%3Bsocialservices%2C22.0.0%2CN%3Bmobileapp%2C21.0.200%2CN%3Bb24connector%2C21.100.0%2CN%3Btranslate%2C21.100.0%2CN%3Biblock%2C21.800.200%2CN%3Bphotogallery%2C21.200.0%2CN%3Brest%2C21.700.100%2CN%3Btwim.recaptchafree%2C0.2.0%2CN%3Bfileman%2C21.500.0%2CN%3Bseo%2C22.0.100%2CN%3Bforum%2C21.300.100%2CN%3Bbitrixcloud%2C21.0.0%2CN%3Bsecurity%2C21.200.0%2CN%3Bperfmon%2C21.0.0%2CN%3Bclouds%2C21.100.0%2CN%3Bblog%2C21.300.0%2CN%3Bsearch%2C22.0.0%2CN%3Bbitrix.siteinfoportal%2C15.5.0%2CN%3Baskaron.settings%2C4.0.0%2CN%3Bbitrix.sitecorporate%2C15.5.0%2CN&reqm=askaron.settings&lim=Y&SUPD_SRS=RU&SUPD_CMP=N
2022-05-25 11:29:08 -  - exec CUpdateClientPartner::GetHTTPPage
2022-05-25 11:29:08 -  - TIME LoadModulesUpdates(request) 0.232 sec
2022-05-25 11:29:08 -  - exec CUpdateClientPartner::ParseServerData
2022-05-25 11:29:08 - STEP - Finish - NOUPDATES
2022-05-25 11:29:08 - STEP - Finish - NOUPDATES
2022-05-25 11:29:22 -  - exec CUpdateClientPartner::GetUpdatesList
2022-05-25 11:29:22 -  - exec CUpdateClientPartner::__CollectRequestData
2022-05-25 11:29:22 -  - utf=Y&lang=ru&stable=Y&CANGZIP=Y&SUPD_DBS=MYSQL&XE=N&CLIENT_SITE=bankro.tech&LICENSE_KEY=X&SUPD_STS=3&SUPD_URS=0&SUPD_URSA=1&TYPENC=E&CLIENT_PHPVER=7.4.3&NGINX=Y&dbv=5.6.46&instm=main%2C21.1200.900%2CN%3Bmessageservice%2C22.100.0%2CN%3Bscale%2C21.0.0%2CN%3Bui%2C22.0.0%2CN%3Bvote%2C21.0.100%2CN%3Bbitrix.sitepersonal%2C15.5.0%2CN%3Bhighloadblock%2C22.100.0%2CN%3Bform%2C21.0.0%2CN%3Blanding%2C21.1100.300%2CN%3Bsubscribe%2C21.0.0%2CN%3Bsocialservices%2C22.0.0%2CN%3Bmobileapp%2C21.0.200%2CN%3Bb24connector%2C21.100.0%2CN%3Btranslate%2C21.100.0%2CN%3Biblock%2C21.800.200%2CN%3Bphotogallery%2C21.200.0%2CN%3Brest%2C21.700.100%2CN%3Btwim.recaptchafree%2C0.2.0%2CN%3Bfileman%2C21.500.0%2CN%3Bseo%2C22.0.100%2CN%3Bforum%2C21.300.100%2CN%3Bbitrixcloud%2C21.0.0%2CN%3Bsecurity%2C21.200.0%2CN%3Bperfmon%2C21.0.0%2CN%3Bclouds%2C21.100.0%2CN%3Bblog%2C21.300.0%2CN%3Bsearch%2C22.0.0%2CN%3Bbitrix.siteinfoportal%2C15.5.0%2CN%3Baskaron.settings%2C4.0.0%2CN%3Bbitrix.sitecorporate%2C15.5.0%2CN&reqm=bitrix.sitepersonal%2Ctwim.recaptchafree%2Cbitrix.siteinfoportal%2Caskaron.settings%2Cbitrix.sitecorporate&fullmoduleinfo=Y&SUPD_SRS=RU&SUPD_CMP=N
2022-05-25 11:29:22 -  - exec CUpdateClientPartner::GetHTTPPage
2022-05-25 11:29:22 -  - TIME GetUpdatesList(request) 0.212 sec
2022-05-25 11:29:22 -  - exec CUpdateClientPartner::ParseServerData
2022-05-25 11:29:25 -  - exec CUpdateClientPartner::GetUpdatesList
2022-05-25 11:29:25 -  - exec CUpdateClientPartner::__CollectRequestData
2022-05-25 11:29:25 -  - utf=Y&lang=ru&stable=Y&CANGZIP=Y&SUPD_DBS=MYSQL&XE=N&CLIENT_SITE=bankro.tech&LICENSE_KEY=X&SUPD_STS=3&SUPD_URS=0&SUPD_URSA=1&TYPENC=E&CLIENT_PHPVER=7.4.3&NGINX=Y&dbv=5.6.46&instm=main%2C21.1200.900%2CN%3Bmessageservice%2C22.100.0%2CN%3Bscale%2C21.0.0%2CN%3Bui%2C22.0.0%2CN%3Bvote%2C21.0.100%2CN%3Bbitrix.sitepersonal%2C15.5.0%2CN%3Bhighloadblock%2C22.100.0%2CN%3Bform%2C21.0.0%2CN%3Blanding%2C21.1100.300%2CN%3Bsubscribe%2C21.0.0%2CN%3Bsocialservices%2C22.0.0%2CN%3Bmobileapp%2C21.0.200%2CN%3Bb24connector%2C21.100.0%2CN%3Btranslate%2C21.100.0%2CN%3Biblock%2C21.800.200%2CN%3Bphotogallery%2C21.200.0%2CN%3Brest%2C21.700.100%2CN%3Btwim.recaptchafree%2C0.2.0%2CN%3Bfileman%2C21.500.0%2CN%3Bseo%2C22.0.100%2CN%3Bforum%2C21.300.100%2CN%3Bbitrixcloud%2C21.0.0%2CN%3Bsecurity%2C21.200.0%2CN%3Bperfmon%2C21.0.0%2CN%3Bclouds%2C21.100.0%2CN%3Bblog%2C21.300.0%2CN%3Bsearch%2C22.0.0%2CN%3Bbitrix.siteinfoportal%2C15.5.0%2CN%3Baskaron.settings%2C4.0.0%2CN%3Bbitrix.sitecorporate%2C15.5.0%2CN&reqm=bitrix.sitepersonal%2Ctwim.recaptchafree%2Cbitrix.siteinfoportal%2Caskaron.settings%2Cbitrix.sitecorporate&fullmoduleinfo=Y&SUPD_SRS=RU&SUPD_CMP=N
2022-05-25 11:29:25 -  - exec CUpdateClientPartner::GetHTTPPage
2022-05-25 11:29:25 -  - TIME GetUpdatesList(request) 0.24 sec
2022-05-25 11:29:25 -  - exec CUpdateClientPartner::ParseServerData
2022-05-25 11:31:16 -  - exec CUpdateClientPartner::GetUpdatesList
2022-05-25 11:31:16 -  - exec CUpdateClientPartner::__CollectRequestData
2022-05-25 11:31:16 -  - utf=Y&lang=ru&stable=Y&CANGZIP=Y&SUPD_DBS=MYSQL&XE=N&CLIENT_SITE=bankro.tech&LICENSE_KEY=X&SUPD_STS=3&SUPD_URS=0&SUPD_URSA=1&TYPENC=E&CLIENT_PHPVER=7.4.3&NGINX=Y&dbv=5.6.46&instm=main%2C21.1200.900%2CN%3Bmessageservice%2C22.100.0%2CN%3Bscale%2C21.0.0%2CN%3Bui%2C22.0.0%2CN%3Bvote%2C21.0.100%2CN%3Bbitrix.sitepersonal%2C15.5.0%2CN%3Bhighloadblock%2C22.100.0%2CN%3Bform%2C21.0.0%2CN%3Blanding%2C21.1100.300%2CN%3Bsubscribe%2C21.0.0%2CN%3Bsocialservices%2C22.0.0%2CN%3Bmobileapp%2C21.0.200%2CN%3Bb24connector%2C21.100.0%2CN%3Btranslate%2C21.100.0%2CN%3Biblock%2C21.800.200%2CN%3Bphotogallery%2C21.200.0%2CN%3Brest%2C21.700.100%2CN%3Btwim.recaptchafree%2C0.2.0%2CN%3Bfileman%2C21.500.0%2CN%3Bseo%2C22.0.100%2CN%3Bforum%2C21.300.100%2CN%3Bbitrixcloud%2C21.0.0%2CN%3Bsecurity%2C21.200.0%2CN%3Bperfmon%2C21.0.0%2CN%3Bclouds%2C21.100.0%2CN%3Bblog%2C21.300.0%2CN%3Bsearch%2C22.0.0%2CN%3Bbitrix.siteinfoportal%2C15.5.0%2CN%3Baskaron.settings%2C4.0.0%2CN%3Bbitrix.sitecorporate%2C15.5.0%2CN&reqm=bitrix.sitepersonal%2Ctwim.recaptchafree%2Cbitrix.siteinfoportal%2Caskaron.settings%2Cbitrix.sitecorporate&fullmoduleinfo=Y&SUPD_SRS=RU&SUPD_CMP=N
2022-05-25 11:31:16 -  - exec CUpdateClientPartner::GetHTTPPage
2022-05-25 11:31:16 -  - TIME GetUpdatesList(request) 0.27 sec
2022-05-25 11:31:16 -  - exec CUpdateClientPartner::ParseServerData
2022-07-01 05:59:58 -  - exec CUpdateClientPartner::GetUpdatesList
2022-07-01 05:59:58 -  - exec CUpdateClientPartner::__CollectRequestData
2022-07-01 05:59:58 -  - utf=Y&lang=ru&stable=Y&CANGZIP=Y&SUPD_DBS=MYSQL&XE=N&CLIENT_SITE=bankro.tech&LICENSE_KEY=X&SUPD_STS=3&SUPD_URS=0&SUPD_URSA=1&TYPENC=E&CLIENT_PHPVER=7.4.3&NGINX=Y&dbv=5.6.46&instm=main%2C21.1200.900%2CN%3Bmessageservice%2C22.100.0%2CN%3Bscale%2C21.0.0%2CN%3Bui%2C22.0.0%2CN%3Bvote%2C21.0.100%2CN%3Bbitrix.sitepersonal%2C15.5.0%2CN%3Bhighloadblock%2C22.100.0%2CN%3Bform%2C21.0.0%2CN%3Blanding%2C21.1100.300%2CN%3Bsubscribe%2C21.0.0%2CN%3Bsocialservices%2C22.0.0%2CN%3Bmobileapp%2C21.0.200%2CN%3Bb24connector%2C21.100.0%2CN%3Btranslate%2C21.100.0%2CN%3Biblock%2C21.800.200%2CN%3Bphotogallery%2C21.200.0%2CN%3Brest%2C21.700.100%2CN%3Btwim.recaptchafree%2C0.2.0%2CN%3Bfileman%2C21.500.0%2CN%3Bseo%2C22.0.100%2CN%3Bforum%2C21.300.100%2CN%3Bbitrixcloud%2C21.0.0%2CN%3Bsecurity%2C21.200.0%2CN%3Bperfmon%2C21.0.0%2CN%3Bclouds%2C21.100.0%2CN%3Bblog%2C21.300.0%2CN%3Bsearch%2C22.0.0%2CN%3Bbitrix.siteinfoportal%2C15.5.0%2CN%3Baskaron.settings%2C4.0.0%2CN%3Bbitrix.sitecorporate%2C15.5.0%2CN&reqm=bitrix.sitepersonal%2Ctwim.recaptchafree%2Cbitrix.siteinfoportal%2Caskaron.settings%2Cbitrix.sitecorporate&fullmoduleinfo=Y&SUPD_SRS=RU&SUPD_CMP=N
2022-07-01 05:59:58 -  - exec CUpdateClientPartner::GetHTTPPage
2022-07-01 05:59:59 -  - TIME GetUpdatesList(request) 0.581 sec
2022-07-01 05:59:59 -  - exec CUpdateClientPartner::ParseServerData
2022-07-01 06:00:22 -  - exec CUpdateClientPartner::GetUpdatesList
2022-07-01 06:00:22 -  - exec CUpdateClientPartner::__CollectRequestData
2022-07-01 06:00:22 -  - utf=Y&lang=ru&stable=Y&CANGZIP=Y&SUPD_DBS=MYSQL&XE=N&CLIENT_SITE=bankro.tech&LICENSE_KEY=X&SUPD_STS=3&SUPD_URS=0&SUPD_URSA=1&TYPENC=E&CLIENT_PHPVER=7.4.3&NGINX=Y&dbv=5.6.46&instm=main%2C21.1200.900%2CN%3Bmessageservice%2C22.100.0%2CN%3Bscale%2C21.0.0%2CN%3Bui%2C22.0.0%2CN%3Bvote%2C21.0.100%2CN%3Bbitrix.sitepersonal%2C15.5.0%2CN%3Bhighloadblock%2C22.100.0%2CN%3Bform%2C21.0.0%2CN%3Blanding%2C21.1100.300%2CN%3Bsubscribe%2C21.0.0%2CN%3Bsocialservices%2C22.0.0%2CN%3Bmobileapp%2C21.0.200%2CN%3Bb24connector%2C21.100.0%2CN%3Btranslate%2C21.100.0%2CN%3Biblock%2C21.800.200%2CN%3Bphotogallery%2C21.200.0%2CN%3Brest%2C21.700.100%2CN%3Btwim.recaptchafree%2C0.2.0%2CN%3Bfileman%2C21.500.0%2CN%3Bseo%2C22.0.100%2CN%3Bforum%2C21.300.100%2CN%3Bbitrixcloud%2C21.0.0%2CN%3Bsecurity%2C21.200.0%2CN%3Bperfmon%2C21.0.0%2CN%3Bclouds%2C21.100.0%2CN%3Bblog%2C21.300.0%2CN%3Bsearch%2C22.0.0%2CN%3Bbitrix.siteinfoportal%2C15.5.0%2CN%3Baskaron.settings%2C4.0.0%2CN%3Bbitrix.sitecorporate%2C15.5.0%2CN&reqm=bitrix.sitepersonal%2Ctwim.recaptchafree%2Cbitrix.siteinfoportal%2Caskaron.settings%2Cbitrix.sitecorporate&SUPD_SRS=RU&SUPD_CMP=N
2022-07-01 06:00:22 -  - exec CUpdateClientPartner::GetHTTPPage
2022-07-01 06:00:23 -  - TIME GetUpdatesList(request) 0.589 sec
2022-07-01 06:00:23 -  - exec CUpdateClientPartner::ParseServerData
2022-07-01 06:05:44 -  - exec CUpdateClientPartner::GetUpdatesList
2022-07-01 06:05:44 -  - exec CUpdateClientPartner::__CollectRequestData
2022-07-01 06:05:44 -  - utf=Y&lang=ru&stable=Y&CANGZIP=Y&SUPD_DBS=MYSQL&XE=N&CLIENT_SITE=bankro.tech&LICENSE_KEY=X&SUPD_STS=3&SUPD_URS=0&SUPD_URSA=1&TYPENC=E&CLIENT_PHPVER=7.4.3&NGINX=Y&dbv=5.6.46&instm=main%2C21.1200.900%2CN%3Bmessageservice%2C22.100.0%2CN%3Bscale%2C21.0.0%2CN%3Bui%2C22.0.0%2CN%3Bvote%2C21.0.100%2CN%3Bbitrix.sitepersonal%2C15.5.0%2CN%3Bhighloadblock%2C22.100.0%2CN%3Bform%2C21.0.0%2CN%3Blanding%2C21.1100.300%2CN%3Bsubscribe%2C21.0.0%2CN%3Bsocialservices%2C22.0.0%2CN%3Bmobileapp%2C21.0.200%2CN%3Bb24connector%2C21.100.0%2CN%3Btranslate%2C21.100.0%2CN%3Biblock%2C21.800.200%2CN%3Bphotogallery%2C21.200.0%2CN%3Brest%2C21.700.100%2CN%3Btwim.recaptchafree%2C0.2.0%2CN%3Bfileman%2C21.500.0%2CN%3Bseo%2C22.0.100%2CN%3Bforum%2C21.300.100%2CN%3Bbitrixcloud%2C21.0.0%2CN%3Bsecurity%2C21.200.0%2CN%3Bperfmon%2C21.0.0%2CN%3Bclouds%2C21.100.0%2CN%3Bblog%2C21.300.0%2CN%3Bsearch%2C22.0.0%2CN%3Bbitrix.siteinfoportal%2C15.5.0%2CN%3Baskaron.settings%2C4.0.0%2CN%3Bbitrix.sitecorporate%2C15.5.0%2CN&reqm=bitrix.sitepersonal%2Ctwim.recaptchafree%2Cbitrix.siteinfoportal%2Caskaron.settings%2Cbitrix.sitecorporate&fullmoduleinfo=Y&SUPD_SRS=RU&SUPD_CMP=N
2022-07-01 06:05:44 -  - exec CUpdateClientPartner::GetHTTPPage
2022-07-01 06:05:44 -  - TIME GetUpdatesList(request) 0.259 sec
2022-07-01 06:05:44 -  - exec CUpdateClientPartner::ParseServerData
2022-07-01 06:40:36 -  - exec CUpdateClientPartner::GetUpdatesList
2022-07-01 06:40:36 -  - exec CUpdateClientPartner::__CollectRequestData
2022-07-01 06:40:36 -  - utf=Y&lang=ru&stable=Y&CANGZIP=Y&SUPD_DBS=MYSQL&XE=N&CLIENT_SITE=bankro.tech&LICENSE_KEY=X&SUPD_STS=3&SUPD_URS=0&SUPD_URSA=1&TYPENC=E&CLIENT_PHPVER=7.4.3&NGINX=Y&dbv=5.6.46&instm=main%2C22.0.300%2CN%3Bmessageservice%2C22.300.0%2CN%3Bscale%2C21.0.0%2CN%3Bui%2C22.400.62%2CN%3Bvote%2C22.0.0%2CN%3Bbitrix.sitepersonal%2C15.5.0%2CN%3Bhighloadblock%2C22.200.0%2CN%3Bform%2C21.0.0%2CN%3Blanding%2C21.1300.200%2CN%3Bsubscribe%2C21.0.0%2CN%3Bsocialservices%2C22.0.250%2CN%3Bmobileapp%2C21.0.300%2CN%3Bb24connector%2C21.100.0%2CN%3Btranslate%2C22.0.0%2CN%3Biblock%2C21.800.300%2CN%3Bphotogallery%2C21.200.0%2CN%3Brest%2C22.0.100%2CN%3Btwim.recaptchafree%2C0.2.0%2CN%3Bfileman%2C22.0.0%2CN%3Bseo%2C22.0.200%2CN%3Bforum%2C21.300.100%2CN%3Bbitrixcloud%2C22.0.0%2CN%3Bsecurity%2C21.200.0%2CN%3Bperfmon%2C21.0.0%2CN%3Bclouds%2C22.0.0%2CN%3Bblog%2C21.300.0%2CN%3Bsearch%2C22.0.0%2CN%3Bbitrix.siteinfoportal%2C15.5.0%2CN%3Baskaron.settings%2C4.0.0%2CN%3Bbitrix.sitecorporate%2C15.5.0%2CN&reqm=bitrix.sitepersonal%2Ctwim.recaptchafree%2Cbitrix.siteinfoportal%2Caskaron.settings%2Cbitrix.sitecorporate%2Cbitrix.xscan&SUPD_SRS=RU&SUPD_CMP=N
2022-07-01 06:40:36 -  - exec CUpdateClientPartner::GetHTTPPage
2022-07-01 06:40:39 -  - TIME GetUpdatesList(request) 2.402 sec
2022-07-01 06:40:39 -  - exec CUpdateClientPartner::ParseServerData
2022-07-01 06:40:51 -  - exec CUpdateClientPartner::LoadModulesUpdates
2022-07-01 06:40:51 -  - exec CUpdateClientPartner::__CollectRequestData
2022-07-01 06:40:51 -  - utf=Y&lang=ru&stable=Y&CANGZIP=Y&SUPD_DBS=MYSQL&XE=N&CLIENT_SITE=bankro.tech&LICENSE_KEY=X&SUPD_STS=3&SUPD_URS=0&SUPD_URSA=1&TYPENC=E&CLIENT_PHPVER=7.4.3&NGINX=Y&dbv=5.6.46&instm=main%2C22.0.300%2CN%3Bmessageservice%2C22.300.0%2CN%3Bscale%2C21.0.0%2CN%3Bui%2C22.400.62%2CN%3Bvote%2C22.0.0%2CN%3Bbitrix.sitepersonal%2C15.5.0%2CN%3Bhighloadblock%2C22.200.0%2CN%3Bform%2C21.0.0%2CN%3Blanding%2C21.1300.200%2CN%3Bsubscribe%2C21.0.0%2CN%3Bsocialservices%2C22.0.250%2CN%3Bmobileapp%2C21.0.300%2CN%3Bb24connector%2C21.100.0%2CN%3Btranslate%2C22.0.0%2CN%3Biblock%2C21.800.300%2CN%3Bphotogallery%2C21.200.0%2CN%3Brest%2C22.0.100%2CN%3Btwim.recaptchafree%2C0.2.0%2CN%3Bfileman%2C22.0.0%2CN%3Bseo%2C22.0.200%2CN%3Bforum%2C21.300.100%2CN%3Bbitrixcloud%2C22.0.0%2CN%3Bsecurity%2C21.200.0%2CN%3Bperfmon%2C21.0.0%2CN%3Bclouds%2C22.0.0%2CN%3Bblog%2C21.300.0%2CN%3Bsearch%2C22.0.0%2CN%3Bbitrix.siteinfoportal%2C15.5.0%2CN%3Baskaron.settings%2C4.0.0%2CN%3Bbitrix.sitecorporate%2C15.5.0%2CN&reqm=bitrix.xscan&lim=Y&SUPD_SRS=RU&SUPD_CMP=N
2022-07-01 06:40:51 -  - exec CUpdateClientPartner::GetHTTPPage
2022-07-01 06:40:51 -  - TIME LoadModulesUpdates(request) 0.24 sec
2022-07-01 06:40:51 -  - exec CUpdateClientPartner::ParseServerData
2022-07-01 06:40:51 - S - STEP
2022-07-01 06:40:51 - LMU01 - LoadModulesUpdates-Step
2022-07-01 06:40:51 -  - exec CUpdateClientPartner::LoadModulesUpdates
2022-07-01 06:40:51 -  - exec CUpdateClientPartner::ParseServerData
2022-07-01 06:40:51 -  - loadFile
2022-07-01 06:40:51 - U - RETURN
2022-07-01 06:40:51 -  - exec CUpdateClientPartner::UnGzipArchive
2022-07-01 06:40:51 -  - TIME UnGzipArchive 0.001 sec
2022-07-01 06:40:51 -  - TIME UpdateStepModules 0.001 sec
2022-07-01 06:40:51 - UPD_SUCCESS - Updated: bitrix.xscan
2022-07-01 06:40:51 -  - exec CUpdateClientPartner::LoadModulesUpdates
2022-07-01 06:40:51 -  - exec CUpdateClientPartner::__CollectRequestData
2022-07-01 06:40:51 -  - utf=Y&lang=ru&stable=Y&CANGZIP=Y&SUPD_DBS=MYSQL&XE=N&CLIENT_SITE=bankro.tech&LICENSE_KEY=X&SUPD_STS=3&SUPD_URS=0&SUPD_URSA=1&TYPENC=E&CLIENT_PHPVER=7.4.3&NGINX=Y&dbv=5.6.46&instm=main%2C22.0.300%2CN%3Bbitrix.xscan%2C1.0.3%2CN%3Bmessageservice%2C22.300.0%2CN%3Bscale%2C21.0.0%2CN%3Bui%2C22.400.62%2CN%3Bvote%2C22.0.0%2CN%3Bbitrix.sitepersonal%2C15.5.0%2CN%3Bhighloadblock%2C22.200.0%2CN%3Bform%2C21.0.0%2CN%3Blanding%2C21.1300.200%2CN%3Bsubscribe%2C21.0.0%2CN%3Bsocialservices%2C22.0.250%2CN%3Bmobileapp%2C21.0.300%2CN%3Bb24connector%2C21.100.0%2CN%3Btranslate%2C22.0.0%2CN%3Biblock%2C21.800.300%2CN%3Bphotogallery%2C21.200.0%2CN%3Brest%2C22.0.100%2CN%3Btwim.recaptchafree%2C0.2.0%2CN%3Bfileman%2C22.0.0%2CN%3Bseo%2C22.0.200%2CN%3Bforum%2C21.300.100%2CN%3Bbitrixcloud%2C22.0.0%2CN%3Bsecurity%2C21.200.0%2CN%3Bperfmon%2C21.0.0%2CN%3Bclouds%2C22.0.0%2CN%3Bblog%2C21.300.0%2CN%3Bsearch%2C22.0.0%2CN%3Bbitrix.siteinfoportal%2C15.5.0%2CN%3Baskaron.settings%2C4.0.0%2CN%3Bbitrix.sitecorporate%2C15.5.0%2CN&reqm=bitrix.xscan&lim=Y&SUPD_SRS=RU&SUPD_CMP=N
2022-07-01 06:40:51 -  - exec CUpdateClientPartner::GetHTTPPage
2022-07-01 06:40:55 -  - TIME LoadModulesUpdates(request) 3.538 sec
2022-07-01 06:40:55 -  - exec CUpdateClientPartner::ParseServerData
2022-07-01 06:40:55 - S - STEP
2022-07-01 06:40:55 - LMU01 - LoadModulesUpdates-Step
2022-07-01 06:40:55 -  - exec CUpdateClientPartner::LoadModulesUpdates
2022-07-01 06:40:55 -  - exec CUpdateClientPartner::ParseServerData
2022-07-01 06:40:55 -  - loadFile
2022-07-01 06:41:02 - U - RETURN
2022-07-01 06:41:02 -  - exec CUpdateClientPartner::UnGzipArchive
2022-07-01 06:41:02 -  - TIME UnGzipArchive 0.001 sec
2022-07-01 06:41:02 -  - TIME UpdateStepModules 0.001 sec
2022-07-01 06:41:02 - UPD_SUCCESS - Updated: bitrix.xscan (1.0.4)<br>Усилена безопасность модуля
2022-07-01 06:41:02 -  - exec CUpdateClientPartner::LoadModulesUpdates
2022-07-01 06:41:02 -  - exec CUpdateClientPartner::__CollectRequestData
2022-07-01 06:41:02 -  - utf=Y&lang=ru&stable=Y&CANGZIP=Y&SUPD_DBS=MYSQL&XE=N&CLIENT_SITE=bankro.tech&LICENSE_KEY=X&SUPD_STS=3&SUPD_URS=0&SUPD_URSA=1&TYPENC=E&CLIENT_PHPVER=7.4.3&NGINX=Y&dbv=5.6.46&instm=main%2C22.0.300%2CN%3Bbitrix.xscan%2C1.0.4%2CN%3Bmessageservice%2C22.300.0%2CN%3Bscale%2C21.0.0%2CN%3Bui%2C22.400.62%2CN%3Bvote%2C22.0.0%2CN%3Bbitrix.sitepersonal%2C15.5.0%2CN%3Bhighloadblock%2C22.200.0%2CN%3Bform%2C21.0.0%2CN%3Blanding%2C21.1300.200%2CN%3Bsubscribe%2C21.0.0%2CN%3Bsocialservices%2C22.0.250%2CN%3Bmobileapp%2C21.0.300%2CN%3Bb24connector%2C21.100.0%2CN%3Btranslate%2C22.0.0%2CN%3Biblock%2C21.800.300%2CN%3Bphotogallery%2C21.200.0%2CN%3Brest%2C22.0.100%2CN%3Btwim.recaptchafree%2C0.2.0%2CN%3Bfileman%2C22.0.0%2CN%3Bseo%2C22.0.200%2CN%3Bforum%2C21.300.100%2CN%3Bbitrixcloud%2C22.0.0%2CN%3Bsecurity%2C21.200.0%2CN%3Bperfmon%2C21.0.0%2CN%3Bclouds%2C22.0.0%2CN%3Bblog%2C21.300.0%2CN%3Bsearch%2C22.0.0%2CN%3Bbitrix.siteinfoportal%2C15.5.0%2CN%3Baskaron.settings%2C4.0.0%2CN%3Bbitrix.sitecorporate%2C15.5.0%2CN&reqm=bitrix.xscan&lim=Y&SUPD_SRS=RU&SUPD_CMP=N
2022-07-01 06:41:02 -  - exec CUpdateClientPartner::GetHTTPPage
2022-07-01 06:41:19 -  - TIME LoadModulesUpdates(request) 16.693 sec
2022-07-01 06:41:19 -  - exec CUpdateClientPartner::ParseServerData
2022-07-01 06:41:19 - S - STEP
2022-07-01 06:41:19 - LMU01 - LoadModulesUpdates-Step
2022-07-01 06:41:19 -  - exec CUpdateClientPartner::LoadModulesUpdates
2022-07-01 06:41:19 -  - exec CUpdateClientPartner::ParseServerData
2022-07-01 06:41:19 -  - loadFile
2022-07-01 06:41:23 - U - RETURN
2022-07-01 06:41:23 -  - exec CUpdateClientPartner::UnGzipArchive
2022-07-01 06:41:23 -  - TIME UnGzipArchive 0 sec
2022-07-01 06:41:23 -  - TIME UpdateStepModules 0.001 sec
2022-07-01 06:41:23 - UPD_SUCCESS - Updated: bitrix.xscan (1.0.5)<br>Добавлены сигнатуры троянов
2022-07-01 06:41:23 -  - exec CUpdateClientPartner::LoadModulesUpdates
2022-07-01 06:41:23 -  - exec CUpdateClientPartner::__CollectRequestData
2022-07-01 06:41:23 -  - utf=Y&lang=ru&stable=Y&CANGZIP=Y&SUPD_DBS=MYSQL&XE=N&CLIENT_SITE=bankro.tech&LICENSE_KEY=X&SUPD_STS=3&SUPD_URS=0&SUPD_URSA=1&TYPENC=E&CLIENT_PHPVER=7.4.3&NGINX=Y&dbv=5.6.46&instm=main%2C22.0.300%2CN%3Bbitrix.xscan%2C1.0.5%2CN%3Bmessageservice%2C22.300.0%2CN%3Bscale%2C21.0.0%2CN%3Bui%2C22.400.62%2CN%3Bvote%2C22.0.0%2CN%3Bbitrix.sitepersonal%2C15.5.0%2CN%3Bhighloadblock%2C22.200.0%2CN%3Bform%2C21.0.0%2CN%3Blanding%2C21.1300.200%2CN%3Bsubscribe%2C21.0.0%2CN%3Bsocialservices%2C22.0.250%2CN%3Bmobileapp%2C21.0.300%2CN%3Bb24connector%2C21.100.0%2CN%3Btranslate%2C22.0.0%2CN%3Biblock%2C21.800.300%2CN%3Bphotogallery%2C21.200.0%2CN%3Brest%2C22.0.100%2CN%3Btwim.recaptchafree%2C0.2.0%2CN%3Bfileman%2C22.0.0%2CN%3Bseo%2C22.0.200%2CN%3Bforum%2C21.300.100%2CN%3Bbitrixcloud%2C22.0.0%2CN%3Bsecurity%2C21.200.0%2CN%3Bperfmon%2C21.0.0%2CN%3Bclouds%2C22.0.0%2CN%3Bblog%2C21.300.0%2CN%3Bsearch%2C22.0.0%2CN%3Bbitrix.siteinfoportal%2C15.5.0%2CN%3Baskaron.settings%2C4.0.0%2CN%3Bbitrix.sitecorporate%2C15.5.0%2CN&reqm=bitrix.xscan&lim=Y&SUPD_SRS=RU&SUPD_CMP=N
2022-07-01 06:41:23 -  - exec CUpdateClientPartner::GetHTTPPage
2022-07-01 06:41:25 -  - TIME LoadModulesUpdates(request) 2.408 sec
2022-07-01 06:41:25 -  - exec CUpdateClientPartner::ParseServerData
2022-07-01 06:41:25 - S - STEP
2022-07-01 06:41:25 - LMU01 - LoadModulesUpdates-Step
2022-07-01 06:41:25 -  - exec CUpdateClientPartner::LoadModulesUpdates
2022-07-01 06:41:25 -  - exec CUpdateClientPartner::ParseServerData
2022-07-01 06:41:25 -  - loadFile
2022-07-01 06:41:25 - U - RETURN
2022-07-01 06:41:25 -  - exec CUpdateClientPartner::UnGzipArchive
2022-07-01 06:41:25 -  - TIME UnGzipArchive 0 sec
2022-07-01 06:41:25 -  - TIME UpdateStepModules 0 sec
2022-07-01 06:41:25 - UPD_SUCCESS - Updated: bitrix.xscan (1.0.6)<br>Улучшен поиск троянских загрузчиков
2022-07-01 06:41:25 -  - exec CUpdateClientPartner::LoadModulesUpdates
2022-07-01 06:41:25 -  - exec CUpdateClientPartner::__CollectRequestData
2022-07-01 06:41:25 -  - utf=Y&lang=ru&stable=Y&CANGZIP=Y&SUPD_DBS=MYSQL&XE=N&CLIENT_SITE=bankro.tech&LICENSE_KEY=X&SUPD_STS=3&SUPD_URS=0&SUPD_URSA=1&TYPENC=E&CLIENT_PHPVER=7.4.3&NGINX=Y&dbv=5.6.46&instm=main%2C22.0.300%2CN%3Bbitrix.xscan%2C1.0.6%2CN%3Bmessageservice%2C22.300.0%2CN%3Bscale%2C21.0.0%2CN%3Bui%2C22.400.62%2CN%3Bvote%2C22.0.0%2CN%3Bbitrix.sitepersonal%2C15.5.0%2CN%3Bhighloadblock%2C22.200.0%2CN%3Bform%2C21.0.0%2CN%3Blanding%2C21.1300.200%2CN%3Bsubscribe%2C21.0.0%2CN%3Bsocialservices%2C22.0.250%2CN%3Bmobileapp%2C21.0.300%2CN%3Bb24connector%2C21.100.0%2CN%3Btranslate%2C22.0.0%2CN%3Biblock%2C21.800.300%2CN%3Bphotogallery%2C21.200.0%2CN%3Brest%2C22.0.100%2CN%3Btwim.recaptchafree%2C0.2.0%2CN%3Bfileman%2C22.0.0%2CN%3Bseo%2C22.0.200%2CN%3Bforum%2C21.300.100%2CN%3Bbitrixcloud%2C22.0.0%2CN%3Bsecurity%2C21.200.0%2CN%3Bperfmon%2C21.0.0%2CN%3Bclouds%2C22.0.0%2CN%3Bblog%2C21.300.0%2CN%3Bsearch%2C22.0.0%2CN%3Bbitrix.siteinfoportal%2C15.5.0%2CN%3Baskaron.settings%2C4.0.0%2CN%3Bbitrix.sitecorporate%2C15.5.0%2CN&reqm=bitrix.xscan&lim=Y&SUPD_SRS=RU&SUPD_CMP=N
2022-07-01 06:41:25 -  - exec CUpdateClientPartner::GetHTTPPage
2022-07-01 06:41:25 -  - TIME LoadModulesUpdates(request) 0.242 sec
2022-07-01 06:41:25 -  - exec CUpdateClientPartner::ParseServerData
2022-07-01 06:41:25 - S - STEP
2022-07-01 06:41:25 - LMU01 - LoadModulesUpdates-Step
2022-07-01 06:41:26 -  - exec CUpdateClientPartner::LoadModulesUpdates
2022-07-01 06:41:26 -  - exec CUpdateClientPartner::ParseServerData
2022-07-01 06:41:26 -  - loadFile
2022-07-01 06:41:26 - U - RETURN
2022-07-01 06:41:26 -  - exec CUpdateClientPartner::UnGzipArchive
2022-07-01 06:41:26 -  - TIME UnGzipArchive 0.001 sec
2022-07-01 06:41:26 -  - TIME UpdateStepModules 0.001 sec
2022-07-01 06:41:26 - UPD_SUCCESS - Updated: bitrix.xscan (1.0.7)<br>Добавлена возможность сканировать любую папку на сервере, не только корень сайта
2022-07-01 06:41:26 -  - exec CUpdateClientPartner::LoadModulesUpdates
2022-07-01 06:41:26 -  - exec CUpdateClientPartner::__CollectRequestData
2022-07-01 06:41:26 -  - utf=Y&lang=ru&stable=Y&CANGZIP=Y&SUPD_DBS=MYSQL&XE=N&CLIENT_SITE=bankro.tech&LICENSE_KEY=X&SUPD_STS=3&SUPD_URS=0&SUPD_URSA=1&TYPENC=E&CLIENT_PHPVER=7.4.3&NGINX=Y&dbv=5.6.46&instm=main%2C22.0.300%2CN%3Bbitrix.xscan%2C1.0.7%2CN%3Bmessageservice%2C22.300.0%2CN%3Bscale%2C21.0.0%2CN%3Bui%2C22.400.62%2CN%3Bvote%2C22.0.0%2CN%3Bbitrix.sitepersonal%2C15.5.0%2CN%3Bhighloadblock%2C22.200.0%2CN%3Bform%2C21.0.0%2CN%3Blanding%2C21.1300.200%2CN%3Bsubscribe%2C21.0.0%2CN%3Bsocialservices%2C22.0.250%2CN%3Bmobileapp%2C21.0.300%2CN%3Bb24connector%2C21.100.0%2CN%3Btranslate%2C22.0.0%2CN%3Biblock%2C21.800.300%2CN%3Bphotogallery%2C21.200.0%2CN%3Brest%2C22.0.100%2CN%3Btwim.recaptchafree%2C0.2.0%2CN%3Bfileman%2C22.0.0%2CN%3Bseo%2C22.0.200%2CN%3Bforum%2C21.300.100%2CN%3Bbitrixcloud%2C22.0.0%2CN%3Bsecurity%2C21.200.0%2CN%3Bperfmon%2C21.0.0%2CN%3Bclouds%2C22.0.0%2CN%3Bblog%2C21.300.0%2CN%3Bsearch%2C22.0.0%2CN%3Bbitrix.siteinfoportal%2C15.5.0%2CN%3Baskaron.settings%2C4.0.0%2CN%3Bbitrix.sitecorporate%2C15.5.0%2CN&reqm=bitrix.xscan&lim=Y&SUPD_SRS=RU&SUPD_CMP=N
2022-07-01 06:41:26 -  - exec CUpdateClientPartner::GetHTTPPage
2022-07-01 06:41:26 -  - TIME LoadModulesUpdates(request) 0.23 sec
2022-07-01 06:41:26 -  - exec CUpdateClientPartner::ParseServerData
2022-07-01 06:41:26 - S - STEP
2022-07-01 06:41:26 - LMU01 - LoadModulesUpdates-Step
2022-07-01 06:41:26 -  - exec CUpdateClientPartner::LoadModulesUpdates
2022-07-01 06:41:26 -  - exec CUpdateClientPartner::ParseServerData
2022-07-01 06:41:26 -  - loadFile
2022-07-01 06:41:56 - ERRCONN1 - Error connecting 2 www.bitrixsoft.com: [110] Connection timed out
2022-07-01 06:41:56 - GNSU001 - Ошибка соединения с сервером обновлений: [110] Connection timed out. 
2022-07-01 06:41:56 - E - RETURN
2022-07-01 06:41:56 - CL02 - Ошибка соединения с сервером обновлений: [110] Connection timed out. Ошибка соединения с сервером обновлений: [110] Connection timed out. 
2022-07-01 06:41:56 - UPD_ERROR - Error: Ошибка соединения с сервером обновлений: [110] Connection timed out. Ошибка соединения с сервером обновлений: [110] Connection timed out. 
2022-07-01 06:43:28 -  - exec CUpdateClientPartner::LoadModulesUpdates
2022-07-01 06:43:28 -  - exec CUpdateClientPartner::ParseServerData
2022-07-01 06:43:28 -  - loadFile
2022-07-01 06:43:28 - U - RETURN
2022-07-01 06:43:28 -  - exec CUpdateClientPartner::UnGzipArchive
2022-07-01 06:43:28 -  - TIME UnGzipArchive 0.001 sec
2022-07-01 06:43:28 -  - TIME UpdateStepModules 0.001 sec
2022-07-01 06:43:28 - UPD_SUCCESS - Updated: bitrix.xscan (1.0.8)<br>Улучшен поиск по троянов с выполнением php кода
2022-07-01 06:43:28 -  - exec CUpdateClientPartner::LoadModulesUpdates
2022-07-01 06:43:28 -  - exec CUpdateClientPartner::__CollectRequestData
2022-07-01 06:43:28 -  - utf=Y&lang=ru&stable=Y&CANGZIP=Y&SUPD_DBS=MYSQL&XE=N&CLIENT_SITE=bankro.tech&LICENSE_KEY=X&SUPD_STS=3&SUPD_URS=0&SUPD_URSA=1&TYPENC=E&CLIENT_PHPVER=7.4.3&NGINX=Y&dbv=5.6.46&instm=main%2C22.0.300%2CN%3Bbitrix.xscan%2C1.0.8%2CN%3Bmessageservice%2C22.300.0%2CN%3Bscale%2C21.0.0%2CN%3Bui%2C22.400.62%2CN%3Bvote%2C22.0.0%2CN%3Bbitrix.sitepersonal%2C15.5.0%2CN%3Bhighloadblock%2C22.200.0%2CN%3Bform%2C21.0.0%2CN%3Blanding%2C21.1300.200%2CN%3Bsubscribe%2C21.0.0%2CN%3Bsocialservices%2C22.0.250%2CN%3Bmobileapp%2C21.0.300%2CN%3Bb24connector%2C21.100.0%2CN%3Btranslate%2C22.0.0%2CN%3Biblock%2C21.800.300%2CN%3Bphotogallery%2C21.200.0%2CN%3Brest%2C22.0.100%2CN%3Btwim.recaptchafree%2C0.2.0%2CN%3Bfileman%2C22.0.0%2CN%3Bseo%2C22.0.200%2CN%3Bforum%2C21.300.100%2CN%3Bbitrixcloud%2C22.0.0%2CN%3Bsecurity%2C21.200.0%2CN%3Bperfmon%2C21.0.0%2CN%3Bclouds%2C22.0.0%2CN%3Bblog%2C21.300.0%2CN%3Bsearch%2C22.0.0%2CN%3Bbitrix.siteinfoportal%2C15.5.0%2CN%3Baskaron.settings%2C4.0.0%2CN%3Bbitrix.sitecorporate%2C15.5.0%2CN&reqm=bitrix.xscan&lim=Y&SUPD_SRS=RU&SUPD_CMP=N
2022-07-01 06:43:28 -  - exec CUpdateClientPartner::GetHTTPPage
2022-07-01 06:43:29 -  - TIME LoadModulesUpdates(request) 1.096 sec
2022-07-01 06:43:29 -  - exec CUpdateClientPartner::ParseServerData
2022-07-01 06:43:29 - S - STEP
2022-07-01 06:43:29 - LMU01 - LoadModulesUpdates-Step
2022-07-01 06:43:29 -  - exec CUpdateClientPartner::LoadModulesUpdates
2022-07-01 06:43:29 -  - exec CUpdateClientPartner::ParseServerData
2022-07-01 06:43:29 -  - loadFile
2022-07-01 06:43:29 - U - RETURN
2022-07-01 06:43:29 -  - exec CUpdateClientPartner::UnGzipArchive
2022-07-01 06:43:29 -  - TIME UnGzipArchive 0.001 sec
2022-07-01 06:43:29 -  - TIME UpdateStepModules 0.001 sec
2022-07-01 06:43:29 - UPD_SUCCESS - Updated: bitrix.xscan (1.0.9)<br>Удалено ложное срабатывание на систему обновлений.
2022-07-01 06:43:29 -  - exec CUpdateClientPartner::LoadModulesUpdates
2022-07-01 06:43:29 -  - exec CUpdateClientPartner::__CollectRequestData
2022-07-01 06:43:29 -  - utf=Y&lang=ru&stable=Y&CANGZIP=Y&SUPD_DBS=MYSQL&XE=N&CLIENT_SITE=bankro.tech&LICENSE_KEY=X&SUPD_STS=3&SUPD_URS=0&SUPD_URSA=1&TYPENC=E&CLIENT_PHPVER=7.4.3&NGINX=Y&dbv=5.6.46&instm=main%2C22.0.300%2CN%3Bbitrix.xscan%2C1.0.9%2CN%3Bmessageservice%2C22.300.0%2CN%3Bscale%2C21.0.0%2CN%3Bui%2C22.400.62%2CN%3Bvote%2C22.0.0%2CN%3Bbitrix.sitepersonal%2C15.5.0%2CN%3Bhighloadblock%2C22.200.0%2CN%3Bform%2C21.0.0%2CN%3Blanding%2C21.1300.200%2CN%3Bsubscribe%2C21.0.0%2CN%3Bsocialservices%2C22.0.250%2CN%3Bmobileapp%2C21.0.300%2CN%3Bb24connector%2C21.100.0%2CN%3Btranslate%2C22.0.0%2CN%3Biblock%2C21.800.300%2CN%3Bphotogallery%2C21.200.0%2CN%3Brest%2C22.0.100%2CN%3Btwim.recaptchafree%2C0.2.0%2CN%3Bfileman%2C22.0.0%2CN%3Bseo%2C22.0.200%2CN%3Bforum%2C21.300.100%2CN%3Bbitrixcloud%2C22.0.0%2CN%3Bsecurity%2C21.200.0%2CN%3Bperfmon%2C21.0.0%2CN%3Bclouds%2C22.0.0%2CN%3Bblog%2C21.300.0%2CN%3Bsearch%2C22.0.0%2CN%3Bbitrix.siteinfoportal%2C15.5.0%2CN%3Baskaron.settings%2C4.0.0%2CN%3Bbitrix.sitecorporate%2C15.5.0%2CN&reqm=bitrix.xscan&lim=Y&SUPD_SRS=RU&SUPD_CMP=N
2022-07-01 06:43:29 -  - exec CUpdateClientPartner::GetHTTPPage
2022-07-01 06:43:32 -  - TIME LoadModulesUpdates(request) 2.677 sec
2022-07-01 06:43:32 -  - exec CUpdateClientPartner::ParseServerData
2022-07-01 06:43:32 - S - STEP
2022-07-01 06:43:32 - LMU01 - LoadModulesUpdates-Step
2022-07-01 06:43:32 -  - exec CUpdateClientPartner::LoadModulesUpdates
2022-07-01 06:43:32 -  - exec CUpdateClientPartner::ParseServerData
2022-07-01 06:43:32 -  - loadFile
2022-07-01 06:43:32 - U - RETURN
2022-07-01 06:43:32 -  - exec CUpdateClientPartner::UnGzipArchive
2022-07-01 06:43:32 -  - TIME UnGzipArchive 0 sec
2022-07-01 06:43:32 -  - TIME UpdateStepModules 0.001 sec
2022-07-01 06:43:32 - UPD_SUCCESS - Updated: bitrix.xscan (1.0.10)<br>Добавлены сигнатуры троянских скриптов
2022-07-01 06:43:32 -  - exec CUpdateClientPartner::LoadModulesUpdates
2022-07-01 06:43:32 -  - exec CUpdateClientPartner::__CollectRequestData
2022-07-01 06:43:32 -  - utf=Y&lang=ru&stable=Y&CANGZIP=Y&SUPD_DBS=MYSQL&XE=N&CLIENT_SITE=bankro.tech&LICENSE_KEY=X&SUPD_STS=3&SUPD_URS=0&SUPD_URSA=1&TYPENC=E&CLIENT_PHPVER=7.4.3&NGINX=Y&dbv=5.6.46&instm=main%2C22.0.300%2CN%3Bbitrix.xscan%2C1.0.10%2CN%3Bmessageservice%2C22.300.0%2CN%3Bscale%2C21.0.0%2CN%3Bui%2C22.400.62%2CN%3Bvote%2C22.0.0%2CN%3Bbitrix.sitepersonal%2C15.5.0%2CN%3Bhighloadblock%2C22.200.0%2CN%3Bform%2C21.0.0%2CN%3Blanding%2C21.1300.200%2CN%3Bsubscribe%2C21.0.0%2CN%3Bsocialservices%2C22.0.250%2CN%3Bmobileapp%2C21.0.300%2CN%3Bb24connector%2C21.100.0%2CN%3Btranslate%2C22.0.0%2CN%3Biblock%2C21.800.300%2CN%3Bphotogallery%2C21.200.0%2CN%3Brest%2C22.0.100%2CN%3Btwim.recaptchafree%2C0.2.0%2CN%3Bfileman%2C22.0.0%2CN%3Bseo%2C22.0.200%2CN%3Bforum%2C21.300.100%2CN%3Bbitrixcloud%2C22.0.0%2CN%3Bsecurity%2C21.200.0%2CN%3Bperfmon%2C21.0.0%2CN%3Bclouds%2C22.0.0%2CN%3Bblog%2C21.300.0%2CN%3Bsearch%2C22.0.0%2CN%3Bbitrix.siteinfoportal%2C15.5.0%2CN%3Baskaron.settings%2C4.0.0%2CN%3Bbitrix.sitecorporate%2C15.5.0%2CN&reqm=bitrix.xscan&lim=Y&SUPD_SRS=RU&SUPD_CMP=N
2022-07-01 06:43:32 -  - exec CUpdateClientPartner::GetHTTPPage
2022-07-01 06:43:33 -  - TIME LoadModulesUpdates(request) 0.246 sec
2022-07-01 06:43:33 -  - exec CUpdateClientPartner::ParseServerData
2022-07-01 06:43:33 - S - STEP
2022-07-01 06:43:33 - LMU01 - LoadModulesUpdates-Step
2022-07-01 06:43:33 -  - exec CUpdateClientPartner::LoadModulesUpdates
2022-07-01 06:43:33 -  - exec CUpdateClientPartner::ParseServerData
2022-07-01 06:43:33 -  - loadFile
2022-07-01 06:43:34 - U - RETURN
2022-07-01 06:43:34 -  - exec CUpdateClientPartner::UnGzipArchive
2022-07-01 06:43:34 -  - TIME UnGzipArchive 0.088 sec
2022-07-01 06:43:34 -  - TIME UpdateStepModules 0.055 sec
2022-07-01 06:43:34 - UPD_SUCCESS - Updated: bitrix.xscan (1.3.37)<br>- исправлены ошибки<br> - обновлены и добавлены новые сигнатуры<br> - добавлен поиск известных backdoor\'ов<br> - реализована проверка событий и агентов на наличие закладок
2022-07-01 06:43:34 -  - exec CUpdateClientPartner::LoadModulesUpdates
2022-07-01 06:43:34 -  - exec CUpdateClientPartner::__CollectRequestData
2022-07-01 06:43:34 -  - utf=Y&lang=ru&stable=Y&CANGZIP=Y&SUPD_DBS=MYSQL&XE=N&CLIENT_SITE=bankro.tech&LICENSE_KEY=X&SUPD_STS=3&SUPD_URS=0&SUPD_URSA=1&TYPENC=E&CLIENT_PHPVER=7.4.3&NGINX=Y&dbv=5.6.46&instm=main%2C22.0.300%2CN%3Bbitrix.xscan%2C1.3.37%2CN%3Bmessageservice%2C22.300.0%2CN%3Bscale%2C21.0.0%2CN%3Bui%2C22.400.62%2CN%3Bvote%2C22.0.0%2CN%3Bbitrix.sitepersonal%2C15.5.0%2CN%3Bhighloadblock%2C22.200.0%2CN%3Bform%2C21.0.0%2CN%3Blanding%2C21.1300.200%2CN%3Bsubscribe%2C21.0.0%2CN%3Bsocialservices%2C22.0.250%2CN%3Bmobileapp%2C21.0.300%2CN%3Bb24connector%2C21.100.0%2CN%3Btranslate%2C22.0.0%2CN%3Biblock%2C21.800.300%2CN%3Bphotogallery%2C21.200.0%2CN%3Brest%2C22.0.100%2CN%3Btwim.recaptchafree%2C0.2.0%2CN%3Bfileman%2C22.0.0%2CN%3Bseo%2C22.0.200%2CN%3Bforum%2C21.300.100%2CN%3Bbitrixcloud%2C22.0.0%2CN%3Bsecurity%2C21.200.0%2CN%3Bperfmon%2C21.0.0%2CN%3Bclouds%2C22.0.0%2CN%3Bblog%2C21.300.0%2CN%3Bsearch%2C22.0.0%2CN%3Bbitrix.siteinfoportal%2C15.5.0%2CN%3Baskaron.settings%2C4.0.0%2CN%3Bbitrix.sitecorporate%2C15.5.0%2CN&reqm=bitrix.xscan&lim=Y&SUPD_SRS=RU&SUPD_CMP=N
2022-07-01 06:43:34 -  - exec CUpdateClientPartner::GetHTTPPage
2022-07-01 06:43:34 -  - TIME LoadModulesUpdates(request) 0.24 sec
2022-07-01 06:43:34 -  - exec CUpdateClientPartner::ParseServerData
2022-07-01 06:43:34 - S - STEP
2022-07-01 06:43:34 - LMU01 - LoadModulesUpdates-Step
2022-07-01 06:43:34 -  - exec CUpdateClientPartner::LoadModulesUpdates
2022-07-01 06:43:34 -  - exec CUpdateClientPartner::ParseServerData
2022-07-01 06:43:34 -  - loadFile
2022-07-01 06:43:36 - U - RETURN
2022-07-01 06:43:36 -  - exec CUpdateClientPartner::UnGzipArchive
2022-07-01 06:43:36 -  - TIME UnGzipArchive 0.001 sec
2022-07-01 06:43:36 -  - TIME UpdateStepModules 0.001 sec
2022-07-01 06:43:36 - UPD_SUCCESS - Updated: bitrix.xscan (1.3.38)<br>Обновлены сигнатуры
2022-07-01 06:43:36 -  - exec CUpdateClientPartner::LoadModulesUpdates
2022-07-01 06:43:36 -  - exec CUpdateClientPartner::__CollectRequestData
2022-07-01 06:43:36 -  - utf=Y&lang=ru&stable=Y&CANGZIP=Y&SUPD_DBS=MYSQL&XE=N&CLIENT_SITE=bankro.tech&LICENSE_KEY=X&SUPD_STS=3&SUPD_URS=0&SUPD_URSA=1&TYPENC=E&CLIENT_PHPVER=7.4.3&NGINX=Y&dbv=5.6.46&instm=main%2C22.0.300%2CN%3Bbitrix.xscan%2C1.3.38%2CN%3Bmessageservice%2C22.300.0%2CN%3Bscale%2C21.0.0%2CN%3Bui%2C22.400.62%2CN%3Bvote%2C22.0.0%2CN%3Bbitrix.sitepersonal%2C15.5.0%2CN%3Bhighloadblock%2C22.200.0%2CN%3Bform%2C21.0.0%2CN%3Blanding%2C21.1300.200%2CN%3Bsubscribe%2C21.0.0%2CN%3Bsocialservices%2C22.0.250%2CN%3Bmobileapp%2C21.0.300%2CN%3Bb24connector%2C21.100.0%2CN%3Btranslate%2C22.0.0%2CN%3Biblock%2C21.800.300%2CN%3Bphotogallery%2C21.200.0%2CN%3Brest%2C22.0.100%2CN%3Btwim.recaptchafree%2C0.2.0%2CN%3Bfileman%2C22.0.0%2CN%3Bseo%2C22.0.200%2CN%3Bforum%2C21.300.100%2CN%3Bbitrixcloud%2C22.0.0%2CN%3Bsecurity%2C21.200.0%2CN%3Bperfmon%2C21.0.0%2CN%3Bclouds%2C22.0.0%2CN%3Bblog%2C21.300.0%2CN%3Bsearch%2C22.0.0%2CN%3Bbitrix.siteinfoportal%2C15.5.0%2CN%3Baskaron.settings%2C4.0.0%2CN%3Bbitrix.sitecorporate%2C15.5.0%2CN&reqm=bitrix.xscan&lim=Y&SUPD_SRS=RU&SUPD_CMP=N
2022-07-01 06:43:36 -  - exec CUpdateClientPartner::GetHTTPPage
2022-07-01 06:43:36 -  - TIME LoadModulesUpdates(request) 0.209 sec
2022-07-01 06:43:36 -  - exec CUpdateClientPartner::ParseServerData
2022-07-01 06:43:36 - S - STEP
2022-07-01 06:43:36 - LMU01 - LoadModulesUpdates-Step
2022-07-01 06:43:37 -  - exec CUpdateClientPartner::LoadModulesUpdates
2022-07-01 06:43:37 -  - exec CUpdateClientPartner::ParseServerData
2022-07-01 06:43:37 -  - loadFile
2022-07-01 06:43:38 - U - RETURN
2022-07-01 06:43:38 -  - exec CUpdateClientPartner::UnGzipArchive
2022-07-01 06:43:38 -  - TIME UnGzipArchive 0.092 sec
2022-07-01 06:43:38 -  - TIME UpdateStepModules 0.089 sec
2022-07-01 06:43:38 - UPD_SUCCESS - Updated: bitrix.xscan (1.3.39)<br>Обновлены сигнатуры
2022-07-01 06:43:38 -  - exec CUpdateClientPartner::LoadModulesUpdates
2022-07-01 06:43:38 -  - exec CUpdateClientPartner::__CollectRequestData
2022-07-01 06:43:38 -  - utf=Y&lang=ru&stable=Y&CANGZIP=Y&SUPD_DBS=MYSQL&XE=N&CLIENT_SITE=bankro.tech&LICENSE_KEY=X&SUPD_STS=3&SUPD_URS=0&SUPD_URSA=1&TYPENC=E&CLIENT_PHPVER=7.4.3&NGINX=Y&dbv=5.6.46&instm=main%2C22.0.300%2CN%3Bbitrix.xscan%2C1.3.39%2CN%3Bmessageservice%2C22.300.0%2CN%3Bscale%2C21.0.0%2CN%3Bui%2C22.400.62%2CN%3Bvote%2C22.0.0%2CN%3Bbitrix.sitepersonal%2C15.5.0%2CN%3Bhighloadblock%2C22.200.0%2CN%3Bform%2C21.0.0%2CN%3Blanding%2C21.1300.200%2CN%3Bsubscribe%2C21.0.0%2CN%3Bsocialservices%2C22.0.250%2CN%3Bmobileapp%2C21.0.300%2CN%3Bb24connector%2C21.100.0%2CN%3Btranslate%2C22.0.0%2CN%3Biblock%2C21.800.300%2CN%3Bphotogallery%2C21.200.0%2CN%3Brest%2C22.0.100%2CN%3Btwim.recaptchafree%2C0.2.0%2CN%3Bfileman%2C22.0.0%2CN%3Bseo%2C22.0.200%2CN%3Bforum%2C21.300.100%2CN%3Bbitrixcloud%2C22.0.0%2CN%3Bsecurity%2C21.200.0%2CN%3Bperfmon%2C21.0.0%2CN%3Bclouds%2C22.0.0%2CN%3Bblog%2C21.300.0%2CN%3Bsearch%2C22.0.0%2CN%3Bbitrix.siteinfoportal%2C15.5.0%2CN%3Baskaron.settings%2C4.0.0%2CN%3Bbitrix.sitecorporate%2C15.5.0%2CN&reqm=bitrix.xscan&lim=Y&SUPD_SRS=RU&SUPD_CMP=N
2022-07-01 06:43:38 -  - exec CUpdateClientPartner::GetHTTPPage
2022-07-01 06:43:41 -  - TIME LoadModulesUpdates(request) 2.878 sec
2022-07-01 06:43:41 -  - exec CUpdateClientPartner::ParseServerData
2022-07-01 06:43:41 - S - STEP
2022-07-01 06:43:41 - LMU01 - LoadModulesUpdates-Step
2022-07-01 06:43:41 -  - exec CUpdateClientPartner::LoadModulesUpdates
2022-07-01 06:43:41 -  - exec CUpdateClientPartner::ParseServerData
2022-07-01 06:43:41 -  - loadFile
2022-07-01 06:43:41 - U - RETURN
2022-07-01 06:43:41 -  - exec CUpdateClientPartner::UnGzipArchive
2022-07-01 06:43:41 -  - TIME UnGzipArchive 0.001 sec
2022-07-01 06:43:41 -  - TIME UpdateStepModules 0.001 sec
2022-07-01 06:43:41 - UPD_SUCCESS - Updated: bitrix.xscan (1.3.40)<br>Исправление ошибок
2022-07-01 06:43:42 -  - exec CUpdateClientPartner::LoadModulesUpdates
2022-07-01 06:43:42 -  - exec CUpdateClientPartner::__CollectRequestData
2022-07-01 06:43:42 -  - utf=Y&lang=ru&stable=Y&CANGZIP=Y&SUPD_DBS=MYSQL&XE=N&CLIENT_SITE=bankro.tech&LICENSE_KEY=X&SUPD_STS=3&SUPD_URS=0&SUPD_URSA=1&TYPENC=E&CLIENT_PHPVER=7.4.3&NGINX=Y&dbv=5.6.46&instm=main%2C22.0.300%2CN%3Bbitrix.xscan%2C1.3.40%2CN%3Bmessageservice%2C22.300.0%2CN%3Bscale%2C21.0.0%2CN%3Bui%2C22.400.62%2CN%3Bvote%2C22.0.0%2CN%3Bbitrix.sitepersonal%2C15.5.0%2CN%3Bhighloadblock%2C22.200.0%2CN%3Bform%2C21.0.0%2CN%3Blanding%2C21.1300.200%2CN%3Bsubscribe%2C21.0.0%2CN%3Bsocialservices%2C22.0.250%2CN%3Bmobileapp%2C21.0.300%2CN%3Bb24connector%2C21.100.0%2CN%3Btranslate%2C22.0.0%2CN%3Biblock%2C21.800.300%2CN%3Bphotogallery%2C21.200.0%2CN%3Brest%2C22.0.100%2CN%3Btwim.recaptchafree%2C0.2.0%2CN%3Bfileman%2C22.0.0%2CN%3Bseo%2C22.0.200%2CN%3Bforum%2C21.300.100%2CN%3Bbitrixcloud%2C22.0.0%2CN%3Bsecurity%2C21.200.0%2CN%3Bperfmon%2C21.0.0%2CN%3Bclouds%2C22.0.0%2CN%3Bblog%2C21.300.0%2CN%3Bsearch%2C22.0.0%2CN%3Bbitrix.siteinfoportal%2C15.5.0%2CN%3Baskaron.settings%2C4.0.0%2CN%3Bbitrix.sitecorporate%2C15.5.0%2CN&reqm=bitrix.xscan&lim=Y&SUPD_SRS=RU&SUPD_CMP=N
2022-07-01 06:43:42 -  - exec CUpdateClientPartner::GetHTTPPage
2022-07-01 06:43:44 -  - TIME LoadModulesUpdates(request) 2.121 sec
2022-07-01 06:43:44 -  - exec CUpdateClientPartner::ParseServerData
2022-07-01 06:43:44 - S - STEP
2022-07-01 06:43:44 - LMU01 - LoadModulesUpdates-Step
2022-07-01 06:43:44 -  - exec CUpdateClientPartner::LoadModulesUpdates
2022-07-01 06:43:44 -  - exec CUpdateClientPartner::ParseServerData
2022-07-01 06:43:44 -  - loadFile
2022-07-01 06:43:45 - U - RETURN
2022-07-01 06:43:45 -  - exec CUpdateClientPartner::UnGzipArchive
2022-07-01 06:43:45 -  - TIME UnGzipArchive 0.011 sec
2022-07-01 06:43:45 -  - TIME UpdateStepModules 0.009 sec
2022-07-01 06:43:45 - UPD_SUCCESS - Updated: bitrix.xscan (1.3.41)<br>- Обновлены сигнатуры<br> - Новый интерфейс
2022-07-01 06:43:45 -  - exec CUpdateClientPartner::LoadModulesUpdates
2022-07-01 06:43:45 -  - exec CUpdateClientPartner::__CollectRequestData
2022-07-01 06:43:45 -  - utf=Y&lang=ru&stable=Y&CANGZIP=Y&SUPD_DBS=MYSQL&XE=N&CLIENT_SITE=bankro.tech&LICENSE_KEY=X&SUPD_STS=3&SUPD_URS=0&SUPD_URSA=1&TYPENC=E&CLIENT_PHPVER=7.4.3&NGINX=Y&dbv=5.6.46&instm=main%2C22.0.300%2CN%3Bbitrix.xscan%2C1.3.41%2CN%3Bmessageservice%2C22.300.0%2CN%3Bscale%2C21.0.0%2CN%3Bui%2C22.400.62%2CN%3Bvote%2C22.0.0%2CN%3Bbitrix.sitepersonal%2C15.5.0%2CN%3Bhighloadblock%2C22.200.0%2CN%3Bform%2C21.0.0%2CN%3Blanding%2C21.1300.200%2CN%3Bsubscribe%2C21.0.0%2CN%3Bsocialservices%2C22.0.250%2CN%3Bmobileapp%2C21.0.300%2CN%3Bb24connector%2C21.100.0%2CN%3Btranslate%2C22.0.0%2CN%3Biblock%2C21.800.300%2CN%3Bphotogallery%2C21.200.0%2CN%3Brest%2C22.0.100%2CN%3Btwim.recaptchafree%2C0.2.0%2CN%3Bfileman%2C22.0.0%2CN%3Bseo%2C22.0.200%2CN%3Bforum%2C21.300.100%2CN%3Bbitrixcloud%2C22.0.0%2CN%3Bsecurity%2C21.200.0%2CN%3Bperfmon%2C21.0.0%2CN%3Bclouds%2C22.0.0%2CN%3Bblog%2C21.300.0%2CN%3Bsearch%2C22.0.0%2CN%3Bbitrix.siteinfoportal%2C15.5.0%2CN%3Baskaron.settings%2C4.0.0%2CN%3Bbitrix.sitecorporate%2C15.5.0%2CN&reqm=bitrix.xscan&lim=Y&SUPD_SRS=RU&SUPD_CMP=N
2022-07-01 06:43:45 -  - exec CUpdateClientPartner::GetHTTPPage
2022-07-01 06:43:45 -  - TIME LoadModulesUpdates(request) 0.238 sec
2022-07-01 06:43:45 -  - exec CUpdateClientPartner::ParseServerData
2022-07-01 06:43:45 - S - STEP
2022-07-01 06:43:45 - LMU01 - LoadModulesUpdates-Step
2022-07-01 06:43:45 -  - exec CUpdateClientPartner::LoadModulesUpdates
2022-07-01 06:43:45 -  - exec CUpdateClientPartner::ParseServerData
2022-07-01 06:43:45 -  - loadFile
2022-07-01 06:43:47 - U - RETURN
2022-07-01 06:43:47 -  - exec CUpdateClientPartner::UnGzipArchive
2022-07-01 06:43:47 -  - TIME UnGzipArchive 0.011 sec
2022-07-01 06:43:47 -  - TIME UpdateStepModules 0.007 sec
2022-07-01 06:43:47 - UPD_SUCCESS - Updated: bitrix.xscan (1.3.42)<br>- Исправлены ошибки - Обновлены сигнатуры
2022-07-01 06:43:47 -  - exec CUpdateClientPartner::LoadModulesUpdates
2022-07-01 06:43:47 -  - exec CUpdateClientPartner::__CollectRequestData
2022-07-01 06:43:47 -  - utf=Y&lang=ru&stable=Y&CANGZIP=Y&SUPD_DBS=MYSQL&XE=N&CLIENT_SITE=bankro.tech&LICENSE_KEY=X&SUPD_STS=3&SUPD_URS=0&SUPD_URSA=1&TYPENC=E&CLIENT_PHPVER=7.4.3&NGINX=Y&dbv=5.6.46&instm=main%2C22.0.300%2CN%3Bbitrix.xscan%2C1.3.42%2CN%3Bmessageservice%2C22.300.0%2CN%3Bscale%2C21.0.0%2CN%3Bui%2C22.400.62%2CN%3Bvote%2C22.0.0%2CN%3Bbitrix.sitepersonal%2C15.5.0%2CN%3Bhighloadblock%2C22.200.0%2CN%3Bform%2C21.0.0%2CN%3Blanding%2C21.1300.200%2CN%3Bsubscribe%2C21.0.0%2CN%3Bsocialservices%2C22.0.250%2CN%3Bmobileapp%2C21.0.300%2CN%3Bb24connector%2C21.100.0%2CN%3Btranslate%2C22.0.0%2CN%3Biblock%2C21.800.300%2CN%3Bphotogallery%2C21.200.0%2CN%3Brest%2C22.0.100%2CN%3Btwim.recaptchafree%2C0.2.0%2CN%3Bfileman%2C22.0.0%2CN%3Bseo%2C22.0.200%2CN%3Bforum%2C21.300.100%2CN%3Bbitrixcloud%2C22.0.0%2CN%3Bsecurity%2C21.200.0%2CN%3Bperfmon%2C21.0.0%2CN%3Bclouds%2C22.0.0%2CN%3Bblog%2C21.300.0%2CN%3Bsearch%2C22.0.0%2CN%3Bbitrix.siteinfoportal%2C15.5.0%2CN%3Baskaron.settings%2C4.0.0%2CN%3Bbitrix.sitecorporate%2C15.5.0%2CN&reqm=bitrix.xscan&lim=Y&SUPD_SRS=RU&SUPD_CMP=N
2022-07-01 06:43:47 -  - exec CUpdateClientPartner::GetHTTPPage
2022-07-01 06:43:47 -  - TIME LoadModulesUpdates(request) 0.238 sec
2022-07-01 06:43:47 -  - exec CUpdateClientPartner::ParseServerData
2022-07-01 06:43:47 - S - STEP
2022-07-01 06:43:47 - LMU01 - LoadModulesUpdates-Step
2022-07-01 06:43:47 -  - exec CUpdateClientPartner::LoadModulesUpdates
2022-07-01 06:43:47 -  - exec CUpdateClientPartner::ParseServerData
2022-07-01 06:43:47 -  - loadFile
2022-07-01 06:44:38 - S - RETURN
2022-07-01 06:44:38 - LMU01 - LoadModulesUpdates-Step
2022-07-01 06:44:38 -  - exec CUpdateClientPartner::LoadModulesUpdates
2022-07-01 06:44:38 -  - exec CUpdateClientPartner::ParseServerData
2022-07-01 06:44:38 -  - loadFile
2022-07-01 06:44:40 - U - RETURN
2022-07-01 06:44:40 -  - exec CUpdateClientPartner::UnGzipArchive
2022-07-01 06:44:40 -  - TIME UnGzipArchive 0.033 sec
2022-07-01 06:44:40 - CSURUS1 - Run updater '/bitrix/updates/update_m1656668680/bitrix.xscan/updater1.3.46.php'
2022-07-01 06:44:40 -  - TIME UpdateStepModules 0.254 sec
2022-07-01 06:44:40 - UPD_SUCCESS - Updated: bitrix.xscan (1.3.46)<br>- убраны ложные срабатывания, которые появлялись на некоторых установках </br> - новый режим поиска (бета)</br>
2022-07-01 06:44:40 -  - exec CUpdateClientPartner::LoadModulesUpdates
2022-07-01 06:44:40 -  - exec CUpdateClientPartner::__CollectRequestData
2022-07-01 06:44:40 -  - utf=Y&lang=ru&stable=Y&CANGZIP=Y&SUPD_DBS=MYSQL&XE=N&CLIENT_SITE=bankro.tech&LICENSE_KEY=X&SUPD_STS=3&SUPD_URS=0&SUPD_URSA=1&TYPENC=E&CLIENT_PHPVER=7.4.3&NGINX=Y&dbv=5.6.46&instm=main%2C22.0.300%2CN%3Bbitrix.xscan%2C1.3.46%2CN%3Bmessageservice%2C22.300.0%2CN%3Bscale%2C21.0.0%2CN%3Bui%2C22.400.62%2CN%3Bvote%2C22.0.0%2CN%3Bbitrix.sitepersonal%2C15.5.0%2CN%3Bhighloadblock%2C22.200.0%2CN%3Bform%2C21.0.0%2CN%3Blanding%2C21.1300.200%2CN%3Bsubscribe%2C21.0.0%2CN%3Bsocialservices%2C22.0.250%2CN%3Bmobileapp%2C21.0.300%2CN%3Bb24connector%2C21.100.0%2CN%3Btranslate%2C22.0.0%2CN%3Biblock%2C21.800.300%2CN%3Bphotogallery%2C21.200.0%2CN%3Brest%2C22.0.100%2CN%3Btwim.recaptchafree%2C0.2.0%2CN%3Bfileman%2C22.0.0%2CN%3Bseo%2C22.0.200%2CN%3Bforum%2C21.300.100%2CN%3Bbitrixcloud%2C22.0.0%2CN%3Bsecurity%2C21.200.0%2CN%3Bperfmon%2C21.0.0%2CN%3Bclouds%2C22.0.0%2CN%3Bblog%2C21.300.0%2CN%3Bsearch%2C22.0.0%2CN%3Bbitrix.siteinfoportal%2C15.5.0%2CN%3Baskaron.settings%2C4.0.0%2CN%3Bbitrix.sitecorporate%2C15.5.0%2CN&reqm=bitrix.xscan&lim=Y&SUPD_SRS=RU&SUPD_CMP=N
2022-07-01 06:44:40 -  - exec CUpdateClientPartner::GetHTTPPage
2022-07-01 06:44:42 -  - TIME LoadModulesUpdates(request) 1.448 sec
2022-07-01 06:44:42 -  - exec CUpdateClientPartner::ParseServerData
2022-07-01 06:44:42 - S - STEP
2022-07-01 06:44:42 - LMU01 - LoadModulesUpdates-Step
2022-07-01 06:44:42 -  - exec CUpdateClientPartner::LoadModulesUpdates
2022-07-01 06:44:42 -  - exec CUpdateClientPartner::ParseServerData
2022-07-01 06:44:42 -  - loadFile
2022-07-01 06:44:42 - U - RETURN
2022-07-01 06:44:42 -  - exec CUpdateClientPartner::UnGzipArchive
2022-07-01 06:44:42 -  - TIME UnGzipArchive 0.001 sec
2022-07-01 06:44:42 -  - TIME UpdateStepModules 0.001 sec
2022-07-01 06:44:42 - UPD_SUCCESS - Updated: bitrix.xscan (1.3.47)<br>Незначительные исправления
2022-07-01 06:44:42 -  - exec CUpdateClientPartner::LoadModulesUpdates
2022-07-01 06:44:42 -  - exec CUpdateClientPartner::__CollectRequestData
2022-07-01 06:44:42 -  - utf=Y&lang=ru&stable=Y&CANGZIP=Y&SUPD_DBS=MYSQL&XE=N&CLIENT_SITE=bankro.tech&LICENSE_KEY=X&SUPD_STS=3&SUPD_URS=0&SUPD_URSA=1&TYPENC=E&CLIENT_PHPVER=7.4.3&NGINX=Y&dbv=5.6.46&instm=main%2C22.0.300%2CN%3Bbitrix.xscan%2C1.3.47%2CN%3Bmessageservice%2C22.300.0%2CN%3Bscale%2C21.0.0%2CN%3Bui%2C22.400.62%2CN%3Bvote%2C22.0.0%2CN%3Bbitrix.sitepersonal%2C15.5.0%2CN%3Bhighloadblock%2C22.200.0%2CN%3Bform%2C21.0.0%2CN%3Blanding%2C21.1300.200%2CN%3Bsubscribe%2C21.0.0%2CN%3Bsocialservices%2C22.0.250%2CN%3Bmobileapp%2C21.0.300%2CN%3Bb24connector%2C21.100.0%2CN%3Btranslate%2C22.0.0%2CN%3Biblock%2C21.800.300%2CN%3Bphotogallery%2C21.200.0%2CN%3Brest%2C22.0.100%2CN%3Btwim.recaptchafree%2C0.2.0%2CN%3Bfileman%2C22.0.0%2CN%3Bseo%2C22.0.200%2CN%3Bforum%2C21.300.100%2CN%3Bbitrixcloud%2C22.0.0%2CN%3Bsecurity%2C21.200.0%2CN%3Bperfmon%2C21.0.0%2CN%3Bclouds%2C22.0.0%2CN%3Bblog%2C21.300.0%2CN%3Bsearch%2C22.0.0%2CN%3Bbitrix.siteinfoportal%2C15.5.0%2CN%3Baskaron.settings%2C4.0.0%2CN%3Bbitrix.sitecorporate%2C15.5.0%2CN&reqm=bitrix.xscan&lim=Y&SUPD_SRS=RU&SUPD_CMP=N
2022-07-01 06:44:42 -  - exec CUpdateClientPartner::GetHTTPPage
2022-07-01 06:44:42 -  - TIME LoadModulesUpdates(request) 0.257 sec
2022-07-01 06:44:42 -  - exec CUpdateClientPartner::ParseServerData
2022-07-01 06:44:42 - S - STEP
2022-07-01 06:44:42 - LMU01 - LoadModulesUpdates-Step
2022-07-01 06:44:42 -  - exec CUpdateClientPartner::LoadModulesUpdates
2022-07-01 06:44:42 -  - exec CUpdateClientPartner::ParseServerData
2022-07-01 06:44:42 -  - loadFile
2022-07-01 06:44:43 - U - RETURN
2022-07-01 06:44:43 -  - exec CUpdateClientPartner::UnGzipArchive
2022-07-01 06:44:43 -  - TIME UnGzipArchive 0.001 sec
2022-07-01 06:44:43 -  - TIME UpdateStepModules 0.001 sec
2022-07-01 06:44:43 - UPD_SUCCESS - Updated: bitrix.xscan (1.3.48)<br>Обновление сигнатур
2022-07-01 06:44:43 -  - exec CUpdateClientPartner::LoadModulesUpdates
2022-07-01 06:44:43 -  - exec CUpdateClientPartner::__CollectRequestData
2022-07-01 06:44:43 -  - utf=Y&lang=ru&stable=Y&CANGZIP=Y&SUPD_DBS=MYSQL&XE=N&CLIENT_SITE=bankro.tech&LICENSE_KEY=X&SUPD_STS=3&SUPD_URS=0&SUPD_URSA=1&TYPENC=E&CLIENT_PHPVER=7.4.3&NGINX=Y&dbv=5.6.46&instm=main%2C22.0.300%2CN%3Bbitrix.xscan%2C1.3.48%2CN%3Bmessageservice%2C22.300.0%2CN%3Bscale%2C21.0.0%2CN%3Bui%2C22.400.62%2CN%3Bvote%2C22.0.0%2CN%3Bbitrix.sitepersonal%2C15.5.0%2CN%3Bhighloadblock%2C22.200.0%2CN%3Bform%2C21.0.0%2CN%3Blanding%2C21.1300.200%2CN%3Bsubscribe%2C21.0.0%2CN%3Bsocialservices%2C22.0.250%2CN%3Bmobileapp%2C21.0.300%2CN%3Bb24connector%2C21.100.0%2CN%3Btranslate%2C22.0.0%2CN%3Biblock%2C21.800.300%2CN%3Bphotogallery%2C21.200.0%2CN%3Brest%2C22.0.100%2CN%3Btwim.recaptchafree%2C0.2.0%2CN%3Bfileman%2C22.0.0%2CN%3Bseo%2C22.0.200%2CN%3Bforum%2C21.300.100%2CN%3Bbitrixcloud%2C22.0.0%2CN%3Bsecurity%2C21.200.0%2CN%3Bperfmon%2C21.0.0%2CN%3Bclouds%2C22.0.0%2CN%3Bblog%2C21.300.0%2CN%3Bsearch%2C22.0.0%2CN%3Bbitrix.siteinfoportal%2C15.5.0%2CN%3Baskaron.settings%2C4.0.0%2CN%3Bbitrix.sitecorporate%2C15.5.0%2CN&reqm=bitrix.xscan&lim=Y&SUPD_SRS=RU&SUPD_CMP=N
2022-07-01 06:44:43 -  - exec CUpdateClientPartner::GetHTTPPage
2022-07-01 06:44:44 -  - TIME LoadModulesUpdates(request) 1.364 sec
2022-07-01 06:44:44 -  - exec CUpdateClientPartner::ParseServerData
2022-07-01 06:44:44 - S - STEP
2022-07-01 06:44:44 - LMU01 - LoadModulesUpdates-Step
2022-07-01 06:44:44 -  - exec CUpdateClientPartner::LoadModulesUpdates
2022-07-01 06:44:44 -  - exec CUpdateClientPartner::ParseServerData
2022-07-01 06:44:44 -  - loadFile
2022-07-01 06:44:44 - U - RETURN
2022-07-01 06:44:44 -  - exec CUpdateClientPartner::UnGzipArchive
2022-07-01 06:44:44 -  - TIME UnGzipArchive 0.001 sec
2022-07-01 06:44:44 -  - TIME UpdateStepModules 0.001 sec
2022-07-01 06:44:44 - UPD_SUCCESS - Updated: bitrix.xscan (1.3.49)<br>Обновление сигнатур
2022-07-01 06:44:44 -  - exec CUpdateClientPartner::LoadModulesUpdates
2022-07-01 06:44:44 -  - exec CUpdateClientPartner::__CollectRequestData
2022-07-01 06:44:44 -  - utf=Y&lang=ru&stable=Y&CANGZIP=Y&SUPD_DBS=MYSQL&XE=N&CLIENT_SITE=bankro.tech&LICENSE_KEY=X&SUPD_STS=3&SUPD_URS=0&SUPD_URSA=1&TYPENC=E&CLIENT_PHPVER=7.4.3&NGINX=Y&dbv=5.6.46&instm=main%2C22.0.300%2CN%3Bbitrix.xscan%2C1.3.49%2CN%3Bmessageservice%2C22.300.0%2CN%3Bscale%2C21.0.0%2CN%3Bui%2C22.400.62%2CN%3Bvote%2C22.0.0%2CN%3Bbitrix.sitepersonal%2C15.5.0%2CN%3Bhighloadblock%2C22.200.0%2CN%3Bform%2C21.0.0%2CN%3Blanding%2C21.1300.200%2CN%3Bsubscribe%2C21.0.0%2CN%3Bsocialservices%2C22.0.250%2CN%3Bmobileapp%2C21.0.300%2CN%3Bb24connector%2C21.100.0%2CN%3Btranslate%2C22.0.0%2CN%3Biblock%2C21.800.300%2CN%3Bphotogallery%2C21.200.0%2CN%3Brest%2C22.0.100%2CN%3Btwim.recaptchafree%2C0.2.0%2CN%3Bfileman%2C22.0.0%2CN%3Bseo%2C22.0.200%2CN%3Bforum%2C21.300.100%2CN%3Bbitrixcloud%2C22.0.0%2CN%3Bsecurity%2C21.200.0%2CN%3Bperfmon%2C21.0.0%2CN%3Bclouds%2C22.0.0%2CN%3Bblog%2C21.300.0%2CN%3Bsearch%2C22.0.0%2CN%3Bbitrix.siteinfoportal%2C15.5.0%2CN%3Baskaron.settings%2C4.0.0%2CN%3Bbitrix.sitecorporate%2C15.5.0%2CN&reqm=bitrix.xscan&lim=Y&SUPD_SRS=RU&SUPD_CMP=N
2022-07-01 06:44:44 -  - exec CUpdateClientPartner::GetHTTPPage
2022-07-01 06:44:45 -  - TIME LoadModulesUpdates(request) 0.681 sec
2022-07-01 06:44:45 -  - exec CUpdateClientPartner::ParseServerData
2022-07-01 06:44:45 - STEP - Finish - NOUPDATES
2022-07-01 06:44:45 - STEP - Finish - NOUPDATES
2022-07-01 06:46:07 -  - exec CUpdateClientPartner::GetUpdatesList
2022-07-01 06:46:07 -  - exec CUpdateClientPartner::__CollectRequestData
2022-07-01 06:46:07 -  - utf=Y&lang=ru&stable=Y&CANGZIP=Y&SUPD_DBS=MYSQL&XE=N&CLIENT_SITE=bankro.tech&LICENSE_KEY=X&SUPD_STS=3&SUPD_URS=0&SUPD_URSA=1&TYPENC=E&CLIENT_PHPVER=7.4.3&NGINX=Y&dbv=5.6.46&instm=main%2C22.0.300%2CN%3Bbitrix.xscan%2C1.3.49%2CN%3Bmessageservice%2C22.300.0%2CN%3Bscale%2C21.0.0%2CN%3Bui%2C22.400.62%2CN%3Bvote%2C22.0.0%2CN%3Bbitrix.sitepersonal%2C15.5.0%2CN%3Bhighloadblock%2C22.200.0%2CN%3Bform%2C21.0.0%2CN%3Blanding%2C21.1300.200%2CN%3Bsubscribe%2C21.0.0%2CN%3Bsocialservices%2C22.0.250%2CN%3Bmobileapp%2C21.0.300%2CN%3Bb24connector%2C21.100.0%2CN%3Btranslate%2C22.0.0%2CN%3Biblock%2C21.800.300%2CN%3Bphotogallery%2C21.200.0%2CN%3Brest%2C22.0.100%2CN%3Btwim.recaptchafree%2C0.2.0%2CN%3Bfileman%2C22.0.0%2CN%3Bseo%2C22.0.200%2CN%3Bforum%2C21.300.100%2CN%3Bbitrixcloud%2C22.0.0%2CN%3Bsecurity%2C21.200.0%2CN%3Bperfmon%2C21.0.0%2CN%3Bclouds%2C22.0.0%2CN%3Bblog%2C21.300.0%2CN%3Bsearch%2C22.0.0%2CN%3Bbitrix.siteinfoportal%2C15.5.0%2CN%3Baskaron.settings%2C4.0.0%2CN%3Bbitrix.sitecorporate%2C15.5.0%2CN&reqm=bitrix.xscan%2Cbitrix.sitepersonal%2Ctwim.recaptchafree%2Cbitrix.siteinfoportal%2Caskaron.settings%2Cbitrix.sitecorporate&fullmoduleinfo=Y&SUPD_SRS=RU&SUPD_CMP=N
2022-07-01 06:46:07 -  - exec CUpdateClientPartner::GetHTTPPage
2022-07-01 06:46:10 -  - TIME GetUpdatesList(request) 2.039 sec
2022-07-01 06:46:10 -  - exec CUpdateClientPartner::ParseServerData
2022-07-01 06:46:10 -  - exec CUpdateClientPartner::GetUpdatesList
2022-07-01 06:46:10 -  - exec CUpdateClientPartner::__CollectRequestData
2022-07-01 06:46:10 -  - utf=Y&lang=ru&stable=Y&CANGZIP=Y&SUPD_DBS=MYSQL&XE=N&CLIENT_SITE=bankro.tech&LICENSE_KEY=X&SUPD_STS=3&SUPD_URS=0&SUPD_URSA=1&TYPENC=E&CLIENT_PHPVER=7.4.3&NGINX=Y&dbv=5.6.46&instm=main%2C22.0.300%2CN%3Bbitrix.xscan%2C1.3.49%2CN%3Bmessageservice%2C22.300.0%2CN%3Bscale%2C21.0.0%2CN%3Bui%2C22.400.62%2CN%3Bvote%2C22.0.0%2CN%3Bbitrix.sitepersonal%2C15.5.0%2CN%3Bhighloadblock%2C22.200.0%2CN%3Bform%2C21.0.0%2CN%3Blanding%2C21.1300.200%2CN%3Bsubscribe%2C21.0.0%2CN%3Bsocialservices%2C22.0.250%2CN%3Bmobileapp%2C21.0.300%2CN%3Bb24connector%2C21.100.0%2CN%3Btranslate%2C22.0.0%2CN%3Biblock%2C21.800.300%2CN%3Bphotogallery%2C21.200.0%2CN%3Brest%2C22.0.100%2CN%3Btwim.recaptchafree%2C0.2.0%2CN%3Bfileman%2C22.0.0%2CN%3Bseo%2C22.0.200%2CN%3Bforum%2C21.300.100%2CN%3Bbitrixcloud%2C22.0.0%2CN%3Bsecurity%2C21.200.0%2CN%3Bperfmon%2C21.0.0%2CN%3Bclouds%2C22.0.0%2CN%3Bblog%2C21.300.0%2CN%3Bsearch%2C22.0.0%2CN%3Bbitrix.siteinfoportal%2C15.5.0%2CN%3Baskaron.settings%2C4.0.0%2CN%3Bbitrix.sitecorporate%2C15.5.0%2CN&reqm=bitrix.xscan%2Cbitrix.sitepersonal%2Ctwim.recaptchafree%2Cbitrix.siteinfoportal%2Caskaron.settings%2Cbitrix.sitecorporate&fullmoduleinfo=Y&SUPD_SRS=RU&SUPD_CMP=N
2022-07-01 06:46:10 -  - exec CUpdateClientPartner::GetHTTPPage
2022-07-01 06:46:12 -  - TIME GetUpdatesList(request) 2.546 sec
2022-07-01 06:46:12 -  - exec CUpdateClientPartner::ParseServerData
2022-07-01 06:46:19 -  - exec CUpdateClientPartner::GetUpdatesList
2022-07-01 06:46:19 -  - exec CUpdateClientPartner::__CollectRequestData
2022-07-01 06:46:19 -  - utf=Y&lang=ru&stable=Y&CANGZIP=Y&SUPD_DBS=MYSQL&XE=N&CLIENT_SITE=bankro.tech&LICENSE_KEY=X&SUPD_STS=3&SUPD_URS=0&SUPD_URSA=1&TYPENC=E&CLIENT_PHPVER=7.4.3&NGINX=Y&dbv=5.6.46&instm=main%2C22.0.300%2CN%3Bbitrix.xscan%2C1.3.49%2CN%3Bmessageservice%2C22.300.0%2CN%3Bscale%2C21.0.0%2CN%3Bui%2C22.400.62%2CN%3Bvote%2C22.0.0%2CN%3Bbitrix.sitepersonal%2C15.5.0%2CN%3Bhighloadblock%2C22.200.0%2CN%3Bform%2C21.0.0%2CN%3Blanding%2C21.1300.200%2CN%3Bsubscribe%2C21.0.0%2CN%3Bsocialservices%2C22.0.250%2CN%3Bmobileapp%2C21.0.300%2CN%3Bb24connector%2C21.100.0%2CN%3Btranslate%2C22.0.0%2CN%3Biblock%2C21.800.300%2CN%3Bphotogallery%2C21.200.0%2CN%3Brest%2C22.0.100%2CN%3Btwim.recaptchafree%2C0.2.0%2CN%3Bfileman%2C22.0.0%2CN%3Bseo%2C22.0.200%2CN%3Bforum%2C21.300.100%2CN%3Bbitrixcloud%2C22.0.0%2CN%3Bsecurity%2C21.200.0%2CN%3Bperfmon%2C21.0.0%2CN%3Bclouds%2C22.0.0%2CN%3Bblog%2C21.300.0%2CN%3Bsearch%2C22.0.0%2CN%3Bbitrix.siteinfoportal%2C15.5.0%2CN%3Baskaron.settings%2C4.0.0%2CN%3Bbitrix.sitecorporate%2C15.5.0%2CN&reqm=bitrix.xscan%2Cbitrix.sitepersonal%2Ctwim.recaptchafree%2Cbitrix.siteinfoportal%2Caskaron.settings%2Cbitrix.sitecorporate%2Cbitrix.xscan&SUPD_SRS=RU&SUPD_CMP=N
2022-07-01 06:46:19 -  - exec CUpdateClientPartner::GetHTTPPage
2022-07-01 06:46:23 -  - TIME GetUpdatesList(request) 3.852 sec
2022-07-01 06:46:23 -  - exec CUpdateClientPartner::ParseServerData
